# Logfile created on 2011-03-31 11:25:24 +0800 by logger.rb/25413
I, [2011-03-31T11:26:34.009591 #783]  INFO -- : Token generated: qPXL1mU
I, [2011-03-31T11:27:07.179629 #783]  INFO -- : Token generated: IEiVG1P
I, [2011-03-31T11:27:12.565729 #783]  INFO -- : Token generated: iiTNt4N
I, [2011-03-31T11:27:16.683992 #783]  INFO -- : Token generated: hK97ejf
I, [2011-03-31T11:37:08.204402 #783]  INFO -- : Token generated: 2QyxnKA
I, [2011-03-31T11:37:20.517571 #783]  INFO -- : Token generated: 8W3QNwM
I, [2011-03-31T11:37:26.453777 #783]  INFO -- : Token generated: hqhuQDo
I, [2011-03-31T11:37:34.170165 #783]  INFO -- : Token generated: zpoPqbn
I, [2011-03-31T11:37:37.320784 #783]  INFO -- : Token generated: b88hynK
I, [2011-03-31T11:45:35.111257 #783]  INFO -- : Token generated: WsbaTVq
I, [2011-03-31T11:45:36.308574 #783]  INFO -- : Token generated: lSXbzj3
I, [2011-03-31T11:48:52.814081 #935]  INFO -- : Token generated: Es04VUP, Sha1: f359d112b984805401cfbe7098d23b5e92705e03
I, [2011-03-31T11:48:58.269120 #935]  INFO -- : Token generated: k9FQjQd, Sha1: 111f18e663848f4633c7779536e2c3650b0e2d32
I, [2011-03-31T11:48:59.171128 #935]  INFO -- : Token generated: SJ3W09t, Sha1: eb26271e7f620fcbfebd568b3565b4f05e82d2f3
I, [2011-03-31T11:49:10.146281 #940]  INFO -- : Token generated: DfyUbnJ, Sha1: 47c6ad59a13726a3d709c8bd9e58cfb188645950
I, [2011-03-31T11:49:11.253625 #940]  INFO -- : Token generated: lVgmm6a, Sha1: 33962cd0a3927bd8bb2892e1339293dcd828b79d
I, [2011-03-31T11:49:21.971378 #948]  INFO -- : Token generated: vZMV33e, Sha1: 73a8d83c408f9af5c1140ef3640f5db97548f56f
I, [2011-03-31T11:49:23.078776 #948]  INFO -- : Token generated: 5LZJrRz, Sha1: 06db15a7a8ae461a00154a929f123c4386f25546
I, [2011-03-31T11:49:23.980787 #948]  INFO -- : Token generated: KE83xCX, Sha1: 00d0a0aabcdefb0fb8c1eb21a0e3ad4f53355742
I, [2011-03-31T11:49:24.848514 #948]  INFO -- : Token generated: KqbXTiE, Sha1: 306706d78e24e465372ae4dde37e67f760da1ebd
I, [2011-03-31T11:50:04.085083 #959]  INFO -- : Token generated: 5ChvXR9, SHA1: 8716c07dd4c730ae4df31db1b97ff8d0c93ec4cf
I, [2011-03-31T11:50:05.092663 #959]  INFO -- : Token generated: CCFJOPl, SHA1: 95122b549ba8ecb89e460fa9d8158b3e123001b1
I, [2011-03-31T11:50:05.885244 #959]  INFO -- : Token generated: 0Ju05jn, SHA1: b7239062861f7bf8fce5053b7553c719e841bec3
I, [2011-03-31T11:50:06.580235 #959]  INFO -- : Token generated: K2AjsOB, SHA1: 3e3ca4914e3b38aecb3cb9ebcd0d3c905fb94047
I, [2011-03-31T11:50:23.988126 #959]  INFO -- : Token generated: GmrfAMo, SHA1: 59a117d7abb6ad2d1fd2e18f62b16670d595d283
I, [2011-03-31T11:50:23.988686 #959]  INFO -- : Token generated: vAFCrfn, SHA1: 913cca6f2375c9dc0eed3e2dbfe8c37bf80e3870
I, [2011-03-31T11:50:24.993014 #959]  INFO -- : Token generated: u8NJfTM, SHA1: b1c3bf4df01093b0c0a6ea50109e0b25a7c9fc93
I, [2011-03-31T11:50:24.993515 #959]  INFO -- : Token generated: HkDsoxz, SHA1: 17b999f224f1373577b884edb209f77598da52bb
I, [2011-03-31T11:50:25.997636 #959]  INFO -- : Token generated: 2APukOC, SHA1: 5d5ee715d9e24c427788edf54e025d65a791d108
I, [2011-03-31T11:50:25.998151 #959]  INFO -- : Token generated: ZzgRpA9, SHA1: cd4396ee7776d2a84a9d90ec4136b87fa31e0817
I, [2011-03-31T11:50:27.002401 #959]  INFO -- : Token generated: NBEcaPI, SHA1: 4b56c342fff240597f7bca6f194b3006c6433366
I, [2011-03-31T11:50:27.002921 #959]  INFO -- : Token generated: kBqXt17, SHA1: d6edce9f94958dd69a90ff0014c49dc9f827baab
I, [2011-03-31T11:50:28.007122 #959]  INFO -- : Token generated: TDfzxX1, SHA1: b3d69788177f7a3722aed3bfa6dbfefaed8ab948
I, [2011-03-31T11:50:28.007700 #959]  INFO -- : Token generated: G1h6maT, SHA1: 7d5b10450a3ff89caf9311303a751693d2723070
I, [2011-03-31T11:50:29.012142 #959]  INFO -- : Token generated: FOYmJtp, SHA1: 2b01686a19d17c314a659e19abcd1c2aae46d7dd
I, [2011-03-31T11:50:29.012651 #959]  INFO -- : Token generated: tx2qYu8, SHA1: aa8fa40eeddeca5059c31447c5866e4e3afd3c3a
I, [2011-03-31T11:50:30.016734 #959]  INFO -- : Token generated: orYqF2X, SHA1: 7ab1945b95b6155bc5451b05e8e21a6af8235abd
I, [2011-03-31T11:50:30.017280 #959]  INFO -- : Token generated: pkOzDfx, SHA1: 47786c8d46661d0095604c302e225d368e80fde3
I, [2011-03-31T11:50:31.023111 #959]  INFO -- : Token generated: 1PfxmQy, SHA1: 56fd4c0b65f6534e9e6ca6c997b9b3c77df3bc75
I, [2011-03-31T11:50:31.023627 #959]  INFO -- : Token generated: yzFPWXm, SHA1: 3be6b4c2f699973246e166a4e3e434b1fadaf3de
I, [2011-03-31T11:50:32.027916 #959]  INFO -- : Token generated: KT4uRt5, SHA1: b0dbd94085ca6c3bb9a59d898973935eda422573
I, [2011-03-31T11:50:32.028427 #959]  INFO -- : Token generated: WTMeRbY, SHA1: 533494e1d47c0fe0f607dd0de475983033f843a3
I, [2011-03-31T11:50:33.032692 #959]  INFO -- : Token generated: 1SyFzbs, SHA1: 796e8705e04193686d198706822ef57d912fda3f
I, [2011-03-31T11:50:33.033337 #959]  INFO -- : Token generated: Nw8AYH9, SHA1: 97becbbeba055e31628c2a7652aee89edd13d326
I, [2011-03-31T11:50:34.037829 #959]  INFO -- : Token generated: ji2Pn0e, SHA1: f241cc286565c90260a9705beab7fb6c0c9d671f
I, [2011-03-31T11:50:34.038341 #959]  INFO -- : Token generated: 1KpMy4Q, SHA1: 2bc09b2d9ca3819945e49977c987b9eda8cd2360
I, [2011-03-31T11:50:35.042656 #959]  INFO -- : Token generated: hi3aeXk, SHA1: b83d974f6716aecb8c232b143069926f1cc93aa1
I, [2011-03-31T11:50:35.043149 #959]  INFO -- : Token generated: y01TXut, SHA1: 23ce674327eccb5347df9eb019f75dfcaa947449
I, [2011-03-31T11:50:36.047273 #959]  INFO -- : Token generated: hW2udn3, SHA1: fdfa277592a0950ee75d66a7ae9ef9a1aed6f44e
I, [2011-03-31T11:50:36.047815 #959]  INFO -- : Token generated: Ob5eRl2, SHA1: 8145fc52662f50236adcdf0995db27a82b4ee49e
I, [2011-03-31T11:50:37.051991 #959]  INFO -- : Token generated: QnZKPE0, SHA1: 4b81dacd3c302ee6d2a80c9c967831077d4c00d5
I, [2011-03-31T11:50:37.052486 #959]  INFO -- : Token generated: qIa3xFA, SHA1: aa743c8a51228836828c15e4be0425261deed07b
I, [2011-03-31T11:50:38.057853 #959]  INFO -- : Token generated: KXQphas, SHA1: 8ccd7837c255f586f39c6a0cd1c63ce9197700c1
I, [2011-03-31T11:50:38.058521 #959]  INFO -- : Token generated: EvwHnu9, SHA1: dddb2cb85862892ebf41f4646264b194d3bf42c0
I, [2011-03-31T11:50:39.062617 #959]  INFO -- : Token generated: OOLESwr, SHA1: 0a6a8899bb4bccd39b27a8c8a357ae2d789b842d
I, [2011-03-31T11:50:39.063145 #959]  INFO -- : Token generated: TwrtjHr, SHA1: ed71fa1c2e1f2806031937c53be68b310e5bd977
I, [2011-03-31T11:50:40.067211 #959]  INFO -- : Token generated: u66nEdn, SHA1: 24a447d044ff09da66985a6439232e7bff20f1a8
I, [2011-03-31T11:50:40.067717 #959]  INFO -- : Token generated: vWWasEY, SHA1: b152bdba32f4fe2d553ff7dbd838536c454eff12
I, [2011-03-31T11:50:41.072159 #959]  INFO -- : Token generated: FCt4OEd, SHA1: 5b982ed269988b26c89f00ac03d3eaabcbf2c164
I, [2011-03-31T11:50:41.072653 #959]  INFO -- : Token generated: PacP9aT, SHA1: dcc2e42b27c6f32223bb8eaf43f3b10e38f48cba
I, [2011-03-31T11:50:42.077028 #959]  INFO -- : Token generated: ULzLuk2, SHA1: ab8cb4acbfcf6ae29791ce800b1830a468f676c6
I, [2011-03-31T11:50:42.077550 #959]  INFO -- : Token generated: 2ExqQd0, SHA1: 0ab2673650b7da70af91af46b0c65b7e42e7e57d
I, [2011-03-31T11:50:43.081610 #959]  INFO -- : Token generated: 5EdYMxg, SHA1: c6771ae0e25d32b3c6aa5f28df049488c93bc38b
I, [2011-03-31T11:50:43.082114 #959]  INFO -- : Token generated: FpUA9K4, SHA1: 872cbc83c3ce3955e9cf4706d04103cf10c6985a
I, [2011-03-31T11:50:44.086791 #959]  INFO -- : Token generated: N80fjwV, SHA1: 1c9cb87409906923905f83c6e7ef1a87d90c9668
I, [2011-03-31T11:50:44.087473 #959]  INFO -- : Token generated: wZq0usK, SHA1: 46a9f420c5dde19f5c6079df1ab09cf52e233775
I, [2011-03-31T11:50:45.096298 #959]  INFO -- : Token generated: W49nq84, SHA1: db8c8148789ba03ecccf27680849442837443c0e
I, [2011-03-31T11:50:45.096856 #959]  INFO -- : Token generated: YtEvDUJ, SHA1: 50eddf545476cf15511df50070370a12b2955dd4
I, [2011-03-31T11:50:46.101248 #959]  INFO -- : Token generated: c22UiTT, SHA1: 84b8be642dd0432e81ac3758237acba67b65ff86
I, [2011-03-31T11:50:46.101900 #959]  INFO -- : Token generated: QyuXe2s, SHA1: e512ba6339c9acbfd3987218d21a79d53da15aec
I, [2011-03-31T11:50:47.106393 #959]  INFO -- : Token generated: f7QqzVO, SHA1: d8ff8350f6d271f739b2addfb473e95ed12c1e73
I, [2011-03-31T11:50:47.106926 #959]  INFO -- : Token generated: MIk2mVu, SHA1: 18a492259195126bfd07ba5d43dca645c23d3450
I, [2011-03-31T11:50:48.111623 #959]  INFO -- : Token generated: 79BBb7d, SHA1: 800ba79ab09d4ec8a64312c22c43b63e1d2ad469
I, [2011-03-31T11:50:48.112126 #959]  INFO -- : Token generated: fjFtLhR, SHA1: 9107935e15cff42942e5c3aeefd143ae74342cb6
I, [2011-03-31T11:50:49.116326 #959]  INFO -- : Token generated: CHBJfDT, SHA1: 5992c84b47a87c5904ff1cd29cdfa0f38d095ab4
I, [2011-03-31T11:50:49.116862 #959]  INFO -- : Token generated: PMgHya2, SHA1: 9047911e62e55699a752e632382c26fb8bb96e6f
I, [2011-03-31T11:50:50.121154 #959]  INFO -- : Token generated: 6PbtqAU, SHA1: 79a8202e7ba5d58f3ad1fe9e34bfa464b54b6c4e
I, [2011-03-31T11:50:50.121667 #959]  INFO -- : Token generated: 1kARxRo, SHA1: 036175dc458703f850add1e71e5d1e714381b46b
I, [2011-03-31T11:50:51.126028 #959]  INFO -- : Token generated: 4ball8x, SHA1: a8c797fa41b648418a761fbdd0d693b17531e31a
I, [2011-03-31T11:50:51.126524 #959]  INFO -- : Token generated: LFxCt2S, SHA1: 086b331990bd261a7bcfba44278d272869dfa5b3
I, [2011-03-31T11:50:52.131752 #959]  INFO -- : Token generated: paij6z3, SHA1: 5fe70c49945fd24e4b86eb66e1e629becd7c0f6f
I, [2011-03-31T11:50:52.132251 #959]  INFO -- : Token generated: jwJQKQi, SHA1: 7499c471a8cc24bb2539a5f4f399f29ee4ae1206
I, [2011-03-31T11:50:53.136350 #959]  INFO -- : Token generated: GVXJy2l, SHA1: 7cadffe3326da6acd223535c0bdcd5d08db7633a
I, [2011-03-31T11:50:53.136888 #959]  INFO -- : Token generated: rhR4EUB, SHA1: 985c463adf7d3d11ce3f7dad49685a4dac70d113
I, [2011-03-31T11:50:54.141320 #959]  INFO -- : Token generated: VyNpIJs, SHA1: 16545786143c8b6b22dbed6c31127b33867bb4cd
I, [2011-03-31T11:50:54.141830 #959]  INFO -- : Token generated: kCp6KzT, SHA1: 0adc4f10116c174c178364be34c076081c608a0e
I, [2011-03-31T11:50:55.146025 #959]  INFO -- : Token generated: r1RqAYR, SHA1: 33681b778651e0397097143651d9f9cf2941cfe7
I, [2011-03-31T11:50:55.146538 #959]  INFO -- : Token generated: BKsZN8E, SHA1: cd985f50649e6d16bce3064e908f082afd72bcb6
I, [2011-03-31T11:50:56.150976 #959]  INFO -- : Token generated: mz7zQkK, SHA1: 7dbda1056fe4b8c6aa11bf0a9c80743d7f8631a3
I, [2011-03-31T11:50:56.151536 #959]  INFO -- : Token generated: ZWHvRcc, SHA1: e9e26756ee5b06800c077accf5c952d7f47253f3
I, [2011-03-31T11:50:57.155669 #959]  INFO -- : Token generated: pCl0dGA, SHA1: b90db258bedc1e434e16968d229726c3cd0838db
I, [2011-03-31T11:50:57.156174 #959]  INFO -- : Token generated: TbeH0Tk, SHA1: 9b7a81c7953edf74ac34034577d55be7864ddfc9
I, [2011-03-31T11:50:58.160597 #959]  INFO -- : Token generated: 7hdJaNV, SHA1: b3db187a251f8259a63aaf1e4b8b29b275a63700
I, [2011-03-31T11:50:58.161099 #959]  INFO -- : Token generated: cMbk1fE, SHA1: 6cbef054b8745f6e023ebc0b6f7ccbed1cc4bb2c
I, [2011-03-31T11:50:59.166831 #959]  INFO -- : Token generated: 22j4S3l, SHA1: 86c03a55a3b209ea60d0fbb4a20dae226c0bbdf0
I, [2011-03-31T11:50:59.167360 #959]  INFO -- : Token generated: lbz5h0U, SHA1: 68d85b14f814ffcd16419ef972d2035aac6b330b
I, [2011-03-31T11:51:00.172889 #959]  INFO -- : Token generated: E4q05sj, SHA1: 83c8eff47b800d11a65aaf2734198083301ea58b
I, [2011-03-31T11:51:00.173462 #959]  INFO -- : Token generated: UqQusnD, SHA1: ec1db0e34e4d7b6dd31b7db8d7c6681a0156b545
I, [2011-03-31T11:51:01.178128 #959]  INFO -- : Token generated: QcyHmlY, SHA1: 78f9150ffec84b10413e1339df3ed2932a480258
I, [2011-03-31T11:51:01.178643 #959]  INFO -- : Token generated: 3Vqxqez, SHA1: 709cb0b107e8406cae65a08c9694146e72aa31f1
I, [2011-03-31T11:51:02.183682 #959]  INFO -- : Token generated: c7qwNgO, SHA1: 4fa87ab504b9378111b4ed14b20d7efcf52f90c7
I, [2011-03-31T11:51:02.184189 #959]  INFO -- : Token generated: aS7LwRe, SHA1: acd6254444563ee767fcd6770a888361328ec8f8
I, [2011-03-31T11:51:03.189404 #959]  INFO -- : Token generated: EGpTTOD, SHA1: 69d98edc3c4f702c3404e4a5bb51501d42dc9d02
I, [2011-03-31T11:51:03.190325 #959]  INFO -- : Token generated: vxdPrbu, SHA1: d31071700752bf2c7e1b96928f787afa2715de5e
I, [2011-03-31T11:51:04.202549 #959]  INFO -- : Token generated: KOhgooy, SHA1: 7d1619884aa0fb50a0b5e78a57938d439d86cf6a
I, [2011-03-31T11:51:04.203288 #959]  INFO -- : Token generated: xS3DplT, SHA1: 65c1d33e4a42b5652d16d0a32f4556b33b1c4bec
I, [2011-03-31T11:51:05.210884 #959]  INFO -- : Token generated: yRarKBA, SHA1: 7939a6d7b8804d728112d0cfa5e30a95a0e7f7f5
I, [2011-03-31T11:51:05.211529 #959]  INFO -- : Token generated: YRpOlgD, SHA1: 303f688176a01ba5f205304f9bd46fad5b4afc93
I, [2011-03-31T11:51:06.219635 #959]  INFO -- : Token generated: wgn952U, SHA1: baffc284f1add58e11b2990598274978cfcafcb0
I, [2011-03-31T11:51:06.220207 #959]  INFO -- : Token generated: CVOkmQD, SHA1: 3e2d6e37dca0978172619ea4e16373660a8b2e64
I, [2011-03-31T11:51:07.230737 #959]  INFO -- : Token generated: oKuewjc, SHA1: 48fd76d846ee9d63fc5a874f03e14c1439597e01
I, [2011-03-31T11:51:07.231389 #959]  INFO -- : Token generated: WGYaMwa, SHA1: bb6b23718665cb0fd31e35ddfe708a3df90cd294
I, [2011-03-31T11:51:08.236116 #959]  INFO -- : Token generated: JiPtSeb, SHA1: 0692c0b2bdbba25a501676fa52dc882ce06ba303
I, [2011-03-31T11:51:08.236672 #959]  INFO -- : Token generated: D4fzlF8, SHA1: ba77e38b3bf1b4c4841911c308c332fd6206330c
I, [2011-03-31T11:51:09.241243 #959]  INFO -- : Token generated: z87wa1O, SHA1: 6495aaeffb6e3c0c97fbf4239a67026a4d4cf21d
I, [2011-03-31T11:51:09.241814 #959]  INFO -- : Token generated: 2KETbhl, SHA1: bf3ef2ba2c3c561afc091bf6b202b4f46663ee50
I, [2011-03-31T11:51:10.246154 #959]  INFO -- : Token generated: AI0x4Lr, SHA1: 32cc608903fe566c3c842dbba48375535fda2707
I, [2011-03-31T11:51:10.246676 #959]  INFO -- : Token generated: 7srqs2x, SHA1: e22390be55a06cc1654c37b7027287185c866f27
I, [2011-03-31T11:51:11.250875 #959]  INFO -- : Token generated: zbDirdC, SHA1: 266b95e81600f2764d1b197bf24996c0f28b9947
I, [2011-03-31T11:51:11.251375 #959]  INFO -- : Token generated: jdshE7v, SHA1: c33ccede012fb746736f45a65e6d97a001db6d69
I, [2011-03-31T11:51:12.255813 #959]  INFO -- : Token generated: IrrWVSe, SHA1: 1f1b465460ad10e93bb4d1c03422758757fcde33
I, [2011-03-31T11:51:12.256487 #959]  INFO -- : Token generated: AUC0U5l, SHA1: 043b6058119efa69d16940b9536e9c5549069f8f
I, [2011-03-31T11:51:13.261774 #959]  INFO -- : Token generated: 7WmqH5w, SHA1: 09efa0403e7610401d3eab47946ec1f8edf4aa2f
I, [2011-03-31T11:51:13.262280 #959]  INFO -- : Token generated: VqYVKZ6, SHA1: 57e94710a1d617fbf2a31a49cb8989a9b47d095a
I, [2011-03-31T11:51:14.266468 #959]  INFO -- : Token generated: Lumax6I, SHA1: c11d77ec43f275a2a22c55526b75a563afc5b16b
I, [2011-03-31T11:51:14.267008 #959]  INFO -- : Token generated: us9ubTe, SHA1: e07265ddef082862a18215431753ff13eb7506af
I, [2011-03-31T11:51:15.271074 #959]  INFO -- : Token generated: Dhh78WJ, SHA1: 731724c76949e1af5f15f9dab094eed1b4eb42ae
I, [2011-03-31T11:51:15.271572 #959]  INFO -- : Token generated: ZkO3RqR, SHA1: 47342cf60bf1a00217369193d12cf558a8cb8f1c
I, [2011-03-31T11:51:16.314774 #959]  INFO -- : Token generated: 1RY7HUT, SHA1: 86be6d461520d2219fa6b3ae37ad262f87cdbf51
I, [2011-03-31T11:51:16.326956 #959]  INFO -- : Token generated: Ip3O342, SHA1: e58d3094f751f2b828661b2bbeca41feb2de3f48
I, [2011-03-31T11:51:17.332325 #959]  INFO -- : Token generated: EeN7VG1, SHA1: 45651950ad8d417a8841046e5e1de014a036a741
I, [2011-03-31T11:51:17.332998 #959]  INFO -- : Token generated: 4S3nkX7, SHA1: e96a53d1c6f2eb0d955b7949c36716c43406dd09
I, [2011-03-31T11:51:18.340378 #959]  INFO -- : Token generated: ZV06eq3, SHA1: 7480c37dd810089c2b5688648b8cfc7cb4b1b3d2
I, [2011-03-31T11:51:18.340936 #959]  INFO -- : Token generated: sBdJtqd, SHA1: 1e936497f3ac26165109a4b1e2845d4cf2ae8f0a
I, [2011-03-31T11:51:19.345551 #959]  INFO -- : Token generated: O3oslVH, SHA1: ec27dabb7e6520e1dd3f985d7be6d83dbf144f0f
I, [2011-03-31T11:51:19.346065 #959]  INFO -- : Token generated: 5FTNytF, SHA1: 89d7f3bf801fba09dc57e3c98854662afd889bd9
I, [2011-03-31T11:51:20.364707 #959]  INFO -- : Token generated: 6BquNI2, SHA1: 5b07d3c2a6738a673e5ad3620ff6dbeab47a9f58
I, [2011-03-31T11:51:20.365895 #959]  INFO -- : Token generated: 9opouWC, SHA1: 6c73cb07a740ac242f0fd0d1947a440038af23c7
I, [2011-03-31T11:51:21.370315 #959]  INFO -- : Token generated: qxVxN8u, SHA1: 9fe9e5f7a6f5ab3e279ad39ceccdc3c1536400b7
I, [2011-03-31T11:51:21.370831 #959]  INFO -- : Token generated: 3hlhJpJ, SHA1: 5456d624380048013b1210d77486c2b25b12b989
I, [2011-03-31T11:51:22.375507 #959]  INFO -- : Token generated: PY4BKhI, SHA1: 6eaf3e5e94d1af2b85813a108bfcacce45375ac9
I, [2011-03-31T11:51:22.376013 #959]  INFO -- : Token generated: lJTem9U, SHA1: a1fbd71045f2a42b8c6c7e6fd7fd50d8d59e3b83
I, [2011-03-31T11:51:23.380329 #959]  INFO -- : Token generated: YHWok3c, SHA1: fef9e3c02f815c713e19f8fef8084e0c9843e037
I, [2011-03-31T11:51:23.380956 #959]  INFO -- : Token generated: NOOwPXV, SHA1: f2067f7ac5d7bf4025a6d250865f22881ccfa001
I, [2011-03-31T11:51:24.385258 #959]  INFO -- : Token generated: 4QxqXno, SHA1: 8e2bf6a4e865006119946faad0fc0eea187bba44
I, [2011-03-31T11:51:24.385765 #959]  INFO -- : Token generated: n1glfW1, SHA1: b5b84a40e857971766ffd3fbc7601a5b0562e53d
I, [2011-03-31T11:51:25.395201 #959]  INFO -- : Token generated: iVlgDal, SHA1: f9615519e3626dc3f9f642539ee5e22fb9740ca0
I, [2011-03-31T11:51:25.395951 #959]  INFO -- : Token generated: 4AagHH8, SHA1: 6a1f488199801295e3f18510a9a2c86c36c13a7f
I, [2011-03-31T11:51:26.404230 #959]  INFO -- : Token generated: zXNVY92, SHA1: 092d72a64c1020914369ce35a28190d6f0856427
I, [2011-03-31T11:51:26.404910 #959]  INFO -- : Token generated: aQDNrwm, SHA1: b78d345a5fec4f4eea080d20873ab6e1df394fd9
I, [2011-03-31T11:51:27.412556 #959]  INFO -- : Token generated: 0EG1ZS6, SHA1: b294c7dd1ceb35185ca05346102c29b4f5ed4ca9
I, [2011-03-31T11:51:27.413054 #959]  INFO -- : Token generated: HZl2X4w, SHA1: 05db41f27aed9d8e71bf1119d7e5567136d79a57
I, [2011-03-31T11:51:28.417309 #959]  INFO -- : Token generated: ncxSI7X, SHA1: 47e7bcc1a3d7af984db78d82fad1f70e856a4f68
I, [2011-03-31T11:51:28.417855 #959]  INFO -- : Token generated: GB3Ig1i, SHA1: 8bc7c2ca0b3015164fac0dc6ef01dbb3e405e475
I, [2011-03-31T11:51:29.421904 #959]  INFO -- : Token generated: fFOT1Vz, SHA1: f035c86b293c16276b8968c84f365d402d8f5e05
I, [2011-03-31T11:51:29.422414 #959]  INFO -- : Token generated: QdDLwKz, SHA1: 0d50990a049d009178336917cb93af4ef178313c
I, [2011-03-31T11:51:30.427718 #959]  INFO -- : Token generated: bky5m8B, SHA1: 082235c32ea9f1d71bb60736e95ed568ca1bbb34
I, [2011-03-31T11:51:30.428227 #959]  INFO -- : Token generated: Oy7n9ai, SHA1: 9d2da3cdb56abe038fe111f19f9ab1564c5afd0d
I, [2011-03-31T11:51:31.432323 #959]  INFO -- : Token generated: O0O9ZTf, SHA1: d3de4c12131980c880cfbd0983def2a6bd8ad760
I, [2011-03-31T11:51:31.432833 #959]  INFO -- : Token generated: NCLFAZz, SHA1: e10409adba8887e93b113cd5f6e07c49cd3f839a
I, [2011-03-31T11:51:32.436971 #959]  INFO -- : Token generated: uRfQbZ4, SHA1: dd0b81a30b0eb4d7f4b6aa9489cacefa39d9657d
I, [2011-03-31T11:51:32.437474 #959]  INFO -- : Token generated: ujcTWop, SHA1: e1ffef22f8e0561a421bd485399a01e18b0fcadc
I, [2011-03-31T11:51:33.441804 #959]  INFO -- : Token generated: Qcngrzu, SHA1: 280f8d26379e322d54b15a4c135e5569e6828fee
I, [2011-03-31T11:51:33.442359 #959]  INFO -- : Token generated: 6Hv49e8, SHA1: fd07e540db34aba03d7dcbdb2724dc626a42145f
I, [2011-03-31T11:51:34.448042 #959]  INFO -- : Token generated: VfLGi5H, SHA1: 026891bea94489fc54d5798ad956d94cf98be713
I, [2011-03-31T11:51:34.448573 #959]  INFO -- : Token generated: l1qDN0G, SHA1: eafad37e5455a195eb7f90759c2ae389cbef62c3
I, [2011-03-31T11:51:35.452669 #959]  INFO -- : Token generated: w7wYHf2, SHA1: c6c442fa91a9c64edefbc2bb16b0942e08915089
I, [2011-03-31T11:51:35.453190 #959]  INFO -- : Token generated: aAP6NMr, SHA1: c1422ca7a1ef202e9bf60d10c045b228ecb25460
I, [2011-03-31T11:51:36.457357 #959]  INFO -- : Token generated: hthSe0M, SHA1: c92504f7e20b2dcd4b19fad71a83b0f2a93dafa1
I, [2011-03-31T11:51:36.457870 #959]  INFO -- : Token generated: yQGhKQ3, SHA1: 6c40b4f69cf228e15dbcfd01153ef87cfb330775
I, [2011-03-31T11:51:37.461865 #959]  INFO -- : Token generated: 0GrNJNx, SHA1: bab6b20f0e58eb3d12c2205a3f327a6c851c6018
I, [2011-03-31T11:51:37.462368 #959]  INFO -- : Token generated: aQdAUGn, SHA1: 5ef04063110aa9bd127caf5b00b0a3aebd274097
I, [2011-03-31T11:51:38.466507 #959]  INFO -- : Token generated: 6nNtNCu, SHA1: 1d9b87324716a0ede1a8b71dd9af44763415bf48
I, [2011-03-31T11:51:38.467024 #959]  INFO -- : Token generated: CA5bJfp, SHA1: 30f981e178d0b16bdecff859c0bd6809bb2d259b
I, [2011-03-31T11:51:39.471404 #959]  INFO -- : Token generated: BO4sb21, SHA1: 9cab6e0a0abb07fdcdde3db50f62984fac70ff69
I, [2011-03-31T11:51:39.471913 #959]  INFO -- : Token generated: F35U56b, SHA1: 4f529096cc251b580d74a3a0cda5dc025dd2ed55
I, [2011-03-31T11:51:40.476582 #959]  INFO -- : Token generated: 9kwzZBw, SHA1: 8f3c2c24ebcb7ba6ce2effb70f0be1ef2a5d75b3
I, [2011-03-31T11:51:40.477106 #959]  INFO -- : Token generated: gGMEF3s, SHA1: b4d4f3b1dba6e4f4c7468ca35b8d4ae328c5a03b
I, [2011-03-31T11:51:41.482781 #959]  INFO -- : Token generated: lcrDIAM, SHA1: 628d750129437b171e02f6bfeb427eb9a5dfaa1b
I, [2011-03-31T11:51:41.483286 #959]  INFO -- : Token generated: 6UdWpWx, SHA1: 9b51dc243828fff344592798ae3c6625887c32f3
I, [2011-03-31T11:51:42.487655 #959]  INFO -- : Token generated: UEoqiks, SHA1: 7c1ed4a6adcc51771919c47011b0c1a4b7589276
I, [2011-03-31T11:51:42.488176 #959]  INFO -- : Token generated: eW6WO6I, SHA1: 338a5a2a63cf764ffe45107b855204c1eeb15a58
I, [2011-03-31T11:51:43.492460 #959]  INFO -- : Token generated: 92tXJBo, SHA1: 9390588b9186cd37a4561d2574bd61ee67811cf0
I, [2011-03-31T11:51:43.492967 #959]  INFO -- : Token generated: h614cxE, SHA1: 26c32e8b88271849bf57af37b62d2d52221a5a1d
I, [2011-03-31T11:51:44.496982 #959]  INFO -- : Token generated: sPY2u3a, SHA1: aa9a05f1367257f570ba2a5939026823b390b850
I, [2011-03-31T11:51:44.497491 #959]  INFO -- : Token generated: JDuEVF3, SHA1: 1ff466b864cfa7ac2aeb68d79c37c0214c064c37
I, [2011-03-31T11:51:45.501985 #959]  INFO -- : Token generated: LXZu3pH, SHA1: da795dad1aafcd0aee77f289863177f790b03b09
I, [2011-03-31T11:51:45.502504 #959]  INFO -- : Token generated: Pq0a4Hq, SHA1: 0459dd9e2fda24043bb3823e435a12e8eed186b1
I, [2011-03-31T11:51:46.507391 #959]  INFO -- : Token generated: Z9zTN4i, SHA1: 624098e350a3fecbf5f40b0d5df1474e8ac120df
I, [2011-03-31T11:51:46.507929 #959]  INFO -- : Token generated: 09GrmS7, SHA1: d2bcc0a549646ad794304db46ef30341530579ef
I, [2011-03-31T11:51:47.512050 #959]  INFO -- : Token generated: o6qpntJ, SHA1: b467771c077e5d2ba0d8a914181f5ee67fa62a2f
I, [2011-03-31T11:51:47.512557 #959]  INFO -- : Token generated: QlLWypY, SHA1: de53f14cff2eb0b4e8cf203bdffbc9c35fc9e210
I, [2011-03-31T11:51:48.518396 #959]  INFO -- : Token generated: XvsfXS2, SHA1: 5e4b6c2ac2b1e564c4d3f8cccfcb586d5f56a93a
I, [2011-03-31T11:51:48.518986 #959]  INFO -- : Token generated: 4mv2bdt, SHA1: f7944b8e5af1148101f3863e52ebaa92a439e88e
I, [2011-03-31T11:51:49.524862 #959]  INFO -- : Token generated: OF5PZX7, SHA1: 9b790488890fb23e534cc40f147ea5e10e522e41
I, [2011-03-31T11:51:49.525427 #959]  INFO -- : Token generated: PMUmeDW, SHA1: 156f2b16e9e722f2acbff60f756302aa6b81914a
I, [2011-03-31T11:51:50.533448 #959]  INFO -- : Token generated: ehf3EIn, SHA1: 1cde52b4f5f6d1a3fb5fd2576e6679febe91c231
I, [2011-03-31T11:51:50.533967 #959]  INFO -- : Token generated: IR03sQO, SHA1: 5eb8b6d9addc67c17f70cb6ec26a15ce06b7e83f
I, [2011-03-31T11:51:51.538303 #959]  INFO -- : Token generated: CNAJfvY, SHA1: f92ff1d076d63d5cdc5e2847c4c5fdabc73e8523
I, [2011-03-31T11:51:51.538839 #959]  INFO -- : Token generated: B64LTAd, SHA1: b0f898341130cb2410a8c833ba1df4f3207fdd53
I, [2011-03-31T11:51:52.550143 #959]  INFO -- : Token generated: qgvVVKz, SHA1: ffa28bbe9f7766856a33ae7b8a417bfb17813161
I, [2011-03-31T11:51:52.550695 #959]  INFO -- : Token generated: Wnk4GWu, SHA1: 8a9b48d2c3ceb90f750ae9fab044ca0dc8167531
I, [2011-03-31T11:51:53.556204 #959]  INFO -- : Token generated: hBtoKc4, SHA1: b16289ab56aa7b14e4845b87e627f244f78486fb
I, [2011-03-31T11:51:53.556786 #959]  INFO -- : Token generated: zrCsPWN, SHA1: 93ddbc50281c02354c783691825a8de05cb7dc54
I, [2011-03-31T11:51:54.561544 #959]  INFO -- : Token generated: buI8wLK, SHA1: 58d0fbbb7273d39ac82c32fecc6e92a347235504
I, [2011-03-31T11:51:54.562129 #959]  INFO -- : Token generated: NKwraaK, SHA1: 380fa09f9a1b2fb2ef1e71c53f6ba52883417971
I, [2011-03-31T11:51:55.568013 #959]  INFO -- : Token generated: rRpuqzB, SHA1: 347b677eaaf2d05d2fef377e9f4f7cc64a8f8ede
I, [2011-03-31T11:51:55.568608 #959]  INFO -- : Token generated: TBsBVLz, SHA1: 9918a436e636356f391a610cb2f045cf50406c5d
I, [2011-03-31T11:51:56.575359 #959]  INFO -- : Token generated: UIRVLMt, SHA1: d0caf95776cbc8091c881be7de4b942be9573450
I, [2011-03-31T11:51:56.575924 #959]  INFO -- : Token generated: XjCLMJr, SHA1: 39c74cd078e7584d979b2a503b89761ad7d93b95
I, [2011-03-31T11:51:57.581411 #959]  INFO -- : Token generated: oXkV2ga, SHA1: 8fa6e684f15a03064b9f10c023ea8720072943de
I, [2011-03-31T11:51:57.581920 #959]  INFO -- : Token generated: 7E2ZpkO, SHA1: 1bfa10296efd732919d4655632177dc285348b96
I, [2011-03-31T11:51:58.591538 #959]  INFO -- : Token generated: ZeYukOD, SHA1: fcd49190d23e4111c73186ee74a41bfb85b98a8c
I, [2011-03-31T11:51:58.592137 #959]  INFO -- : Token generated: 0YUnDCI, SHA1: 0703baa740d6b8f5e25a3c484043d3fb9e8d5315
I, [2011-03-31T11:51:59.596202 #959]  INFO -- : Token generated: 8Pel6od, SHA1: e1e01cbc3b5a75d82c13ad43707a199f47482e26
I, [2011-03-31T11:51:59.596712 #959]  INFO -- : Token generated: SRfMLPo, SHA1: 9dee4b26ed0b49c5719f7912d4ab7b20ad511e1c
I, [2011-03-31T11:52:00.601696 #959]  INFO -- : Token generated: inJxo6O, SHA1: 7f9edfd6ecc014d2a0abdaa95ab80454277f2c78
I, [2011-03-31T11:52:00.602263 #959]  INFO -- : Token generated: ixVO9Ue, SHA1: b613e31712d038f90ba1055eb215595b78709f54
I, [2011-03-31T11:52:01.607314 #959]  INFO -- : Token generated: myGbuCo, SHA1: f63c14608e279fb242ab00eb1560f39c1af55a5a
I, [2011-03-31T11:52:01.608406 #959]  INFO -- : Token generated: 4ro4QzX, SHA1: 74a27e062aa89a69f801fea0cbd2900f27634fa7
I, [2011-03-31T11:52:02.614526 #959]  INFO -- : Token generated: ebUACCj, SHA1: 3f4ec1549e8565b069707feff666d1ffc300d269
I, [2011-03-31T11:52:02.615031 #959]  INFO -- : Token generated: 2CBCmYW, SHA1: 0ea77a9dde59d272c3c6c51ebbe67e035b3bb476
I, [2011-03-31T11:52:03.620433 #959]  INFO -- : Token generated: 1aJJMPc, SHA1: 1525fb29ac072bcd70f107e7d1fb3371ef65576a
I, [2011-03-31T11:52:03.620971 #959]  INFO -- : Token generated: 1BKEWAA, SHA1: f8ce791c0466bb8142b4b37b6233507c44747b0c
I, [2011-03-31T11:52:04.625446 #959]  INFO -- : Token generated: SAQx263, SHA1: 676676b6b93ec015c244e7ebbaedb8570911a547
I, [2011-03-31T11:52:04.626027 #959]  INFO -- : Token generated: REjekt5, SHA1: 9dd93cf665ad7ee64b336d05056beda001b3bc4d
I, [2011-03-31T11:52:05.632051 #959]  INFO -- : Token generated: ZQ4OjjA, SHA1: e9053b510eb5fa427a2ed9b611948530145c4a12
I, [2011-03-31T11:52:05.632582 #959]  INFO -- : Token generated: y43CGwC, SHA1: 88a44cd4aede706ef311782e83f69456557af746
I, [2011-03-31T11:52:06.636682 #959]  INFO -- : Token generated: osk7n2i, SHA1: 27766c70b315f16f59b1a9047846d9a669396dde
I, [2011-03-31T11:52:06.637211 #959]  INFO -- : Token generated: eohVUDr, SHA1: 1fa8dfd86a71910c02d64277f2ba1add65b7f0bc
I, [2011-03-31T11:52:07.641635 #959]  INFO -- : Token generated: emgfTcw, SHA1: a5afe077191104b4f268455e3c9a46bf32cc3e37
I, [2011-03-31T11:52:07.642217 #959]  INFO -- : Token generated: zg6l2c3, SHA1: 397fc9bad2bec9ae4d0c67f77c92de815d17b4af
I, [2011-03-31T11:52:08.646581 #959]  INFO -- : Token generated: Q1MO4mI, SHA1: 5ebee84d3eea7be6afda2c94c849a0d07db023ec
I, [2011-03-31T11:52:08.647507 #959]  INFO -- : Token generated: Bhofpwy, SHA1: 2d1daab6c47bbfa5c826a6e5c98e4d8cabc6b964
I, [2011-03-31T11:52:09.655537 #959]  INFO -- : Token generated: pPxrChW, SHA1: ab430a5462712524d0db469e93b5a591c011ca04
I, [2011-03-31T11:52:09.656093 #959]  INFO -- : Token generated: I99qVqD, SHA1: 56f31eaa53f1ef5ac655bac76172e1d0a28db9da
I, [2011-03-31T11:52:10.673801 #959]  INFO -- : Token generated: mDi7jZw, SHA1: fa5ebd4c312b5882cc27d279469c4e02760833d3
I, [2011-03-31T11:52:10.675994 #959]  INFO -- : Token generated: fMH30rQ, SHA1: 2f762478098575663193bc1f1b5fa8a73b6b4f17
I, [2011-03-31T11:52:11.681632 #959]  INFO -- : Token generated: 1CsYRQL, SHA1: a6bd62bd1aea75328a0eaf482e085181d93d7789
I, [2011-03-31T11:52:11.682166 #959]  INFO -- : Token generated: TfXg82L, SHA1: 3cbdaa95c3a09a64e58c4e585f61c355d4a4710a
I, [2011-03-31T11:52:12.686420 #959]  INFO -- : Token generated: fW5m46D, SHA1: 1c122cb8f4aa8439f3b8b28a24e5fe4424d5ae2a
I, [2011-03-31T11:52:12.686968 #959]  INFO -- : Token generated: ZZENdiv, SHA1: 8158bce4fbfd2b628338830452031f50cc3d4c2c
I, [2011-03-31T11:52:13.691605 #959]  INFO -- : Token generated: rp0OVeO, SHA1: 03145bb26d7e017181e494eb83430f118f96ad39
I, [2011-03-31T11:52:13.692116 #959]  INFO -- : Token generated: 6oHkwuY, SHA1: 0ea87bfd5e5fb2f5c1381575f38fa45179516199
I, [2011-03-31T11:52:14.696245 #959]  INFO -- : Token generated: jc2Zh5O, SHA1: 8eb4b67185f8a8f8c3027932725919c94b090979
I, [2011-03-31T11:52:14.696820 #959]  INFO -- : Token generated: 7bJ1VAo, SHA1: 0ff7b7a5f6f352453123b18236b720207b58e73e
I, [2011-03-31T11:52:15.700914 #959]  INFO -- : Token generated: MXCgSPv, SHA1: aaf22fd527cc9fa8f4555ee646ee6fe969dd2dff
I, [2011-03-31T11:52:15.701646 #959]  INFO -- : Token generated: ljcT8eg, SHA1: 58854fc073bf5841ecc08d25dba6725c2c622466
I, [2011-03-31T11:52:16.708113 #959]  INFO -- : Token generated: 06w7BST, SHA1: 6bd25aa7cf7aef779b12cc036a6a9e03a7641ecd
I, [2011-03-31T11:52:16.708641 #959]  INFO -- : Token generated: esMZieW, SHA1: f61ee5a858d9f314564dcbdb9ffe7a11107f3b54
I, [2011-03-31T11:52:17.713769 #959]  INFO -- : Token generated: m43ojAa, SHA1: 50e9db27d8a869e96b74e6e8296d7f4640905df2
I, [2011-03-31T11:52:17.714566 #959]  INFO -- : Token generated: faItyar, SHA1: 4b74882fe491b1d644c6607c213c04b1e9b958c8
I, [2011-03-31T11:52:18.719488 #959]  INFO -- : Token generated: 2VnTG7x, SHA1: c7bc7175288d6bf3551dc5672653a49b51130f4a
I, [2011-03-31T11:52:18.720003 #959]  INFO -- : Token generated: cE9vcTm, SHA1: 5404503cdcf0c24798ebf56976d7fa585dc94e3a
I, [2011-03-31T11:52:19.724513 #959]  INFO -- : Token generated: hqBQL8m, SHA1: 9230d047a786439534e99eada1455c11efcee512
I, [2011-03-31T11:52:19.725033 #959]  INFO -- : Token generated: EKyqemp, SHA1: 604a346bbcbe79b610a1b0b190c9218642096ae5
I, [2011-03-31T11:52:20.729586 #959]  INFO -- : Token generated: fFa3vRb, SHA1: baae0585baa3647fad3f812af1f29e23cad0652e
I, [2011-03-31T11:52:20.730191 #959]  INFO -- : Token generated: zzvRwQX, SHA1: eb2c4b978f421f26dbe5bc0d14e60bd51630ffd3
I, [2011-03-31T11:52:21.735501 #959]  INFO -- : Token generated: E8vsfik, SHA1: 6b230bd975f2ad342a42651c6c4de2e03fb8761c
I, [2011-03-31T11:52:21.736029 #959]  INFO -- : Token generated: xj1A0M1, SHA1: 84be8cc922e9877bc8fc9ade50159d6a10ba667e
I, [2011-03-31T11:52:22.740736 #959]  INFO -- : Token generated: 68kqxOM, SHA1: c0b5d4677bb64584b09c9e002959b87d13b29194
I, [2011-03-31T11:52:22.741359 #959]  INFO -- : Token generated: Nz2Ha8X, SHA1: 84762464c6a86df5c36d56aa36bd96a29591586a
I, [2011-03-31T11:52:23.748131 #959]  INFO -- : Token generated: 43sVZCA, SHA1: 794f62900b45e237dc73ad943d34820dad9b620e
I, [2011-03-31T11:52:23.748712 #959]  INFO -- : Token generated: K9UB08i, SHA1: 7b15b16eb221a5f5cfc0797e84ceab8a064e8c13
I, [2011-03-31T11:52:24.753037 #959]  INFO -- : Token generated: TPpJpmk, SHA1: a8faba44e633046356f0a6bfc1b66e95d4543f77
I, [2011-03-31T11:52:24.753642 #959]  INFO -- : Token generated: t4o549e, SHA1: 4110f21229ed67ee3264436697b9526eea67edd0
I, [2011-03-31T11:52:25.762858 #959]  INFO -- : Token generated: G5l21rM, SHA1: 836da927464083295c4de5774ddabd4c90c24252
I, [2011-03-31T11:52:25.763803 #959]  INFO -- : Token generated: wWKQF9B, SHA1: fcca1e8db6cdc098dae822199728fd15a798e3b7
I, [2011-03-31T11:52:26.768734 #959]  INFO -- : Token generated: 560UmC4, SHA1: 8d85787b8421133a6bdded70c39e6d8d6e40951c
I, [2011-03-31T11:52:26.769245 #959]  INFO -- : Token generated: Owxns87, SHA1: 3493b1a36b4dd4da4016f88aae820ff305daf192
I, [2011-03-31T11:52:27.776004 #959]  INFO -- : Token generated: aWmDIN0, SHA1: 101e324d356e4ee4b90a5ed2bb52f0a4d8eb41cd
I, [2011-03-31T11:52:27.778541 #959]  INFO -- : Token generated: b11YSaS, SHA1: ee6d8279b30efac37b8c259c492544a4272dc424
I, [2011-03-31T11:52:28.784213 #959]  INFO -- : Token generated: 2IzOFYY, SHA1: d3f6588ab51b7e365be08a6af3ae84909cba300a
I, [2011-03-31T11:52:28.785393 #959]  INFO -- : Token generated: I8kmgK3, SHA1: a3ee3cce7c68cbd892e486d4a95cf4683cfa3cfd
I, [2011-03-31T11:52:29.790161 #959]  INFO -- : Token generated: ow5jr88, SHA1: a1f4bd8e1b3cd292bcd94a54fe9c7e74a20e7c5d
I, [2011-03-31T11:52:29.790737 #959]  INFO -- : Token generated: JuR9Ep8, SHA1: 48494d32415d781b022559564344e9d52a5126c2
I, [2011-03-31T11:52:30.796780 #959]  INFO -- : Token generated: WhMMJJK, SHA1: 8c8a111bbdee299f57dd6f836e954f6b59a44147
I, [2011-03-31T11:52:30.797360 #959]  INFO -- : Token generated: QEmLCOU, SHA1: 8eb292bd0a421638e5885fa408742d539856fb92
I, [2011-03-31T11:52:31.817077 #959]  INFO -- : Token generated: RHubene, SHA1: 3a16b75bce38fe2e78d3c0f54db0b80927906552
I, [2011-03-31T11:52:31.817920 #959]  INFO -- : Token generated: E3BKsi6, SHA1: 224d912e05fe0c53de09a59ecca3a2c425891a13
I, [2011-03-31T11:52:32.822581 #959]  INFO -- : Token generated: AhRK75G, SHA1: 03c2a3fd98e1cfa9c3a655adda8b7ad8e60d4194
I, [2011-03-31T11:52:32.823128 #959]  INFO -- : Token generated: oSgF074, SHA1: 1dda6aa87c20457454dccfb7877181d5cbb9edb8
I, [2011-03-31T11:52:33.827552 #959]  INFO -- : Token generated: DcLHSwt, SHA1: acb6d4fcac42e00e38799100b8f860b051b377c4
I, [2011-03-31T11:52:33.828072 #959]  INFO -- : Token generated: sKwm648, SHA1: 3c02e8c1248fb940c416196aa0ea3bc5d15f6950
I, [2011-03-31T11:52:34.832234 #959]  INFO -- : Token generated: VLitwP8, SHA1: f4c4375dd5b9dd8d11dd782f2f5a4723f8ae3f92
I, [2011-03-31T11:52:34.832801 #959]  INFO -- : Token generated: VZuaEOM, SHA1: 356ee98dd90835038594b3d9f7778b7af48bd630
I, [2011-03-31T11:52:35.839940 #959]  INFO -- : Token generated: dHCRY3P, SHA1: 30b855305930268e88aa9a571664e90d6d4f05b5
I, [2011-03-31T11:52:35.841297 #959]  INFO -- : Token generated: mMD7nv5, SHA1: a25a1a6a52f3a366b86f650b386186e2b08e42b5
I, [2011-03-31T11:52:36.849919 #959]  INFO -- : Token generated: 8rpIZtF, SHA1: 67d43b612992b2c077a65f5cce5242cc196ed2b7
I, [2011-03-31T11:52:36.850445 #959]  INFO -- : Token generated: xqWV52A, SHA1: 6b27c3647e9f223e2afa233e790153d4c5835fa5
I, [2011-03-31T11:52:37.857435 #959]  INFO -- : Token generated: McYwYu3, SHA1: fd22eaac3c3ce850f163509d95ead7f414d98c5f
I, [2011-03-31T11:52:37.857963 #959]  INFO -- : Token generated: ghNVOD6, SHA1: b82ab55c7c95b2b331c48754d89b022ed411d09d
I, [2011-03-31T11:52:38.862422 #959]  INFO -- : Token generated: rlhdcJX, SHA1: 9c9bc8b92c577a8b9007865e8a50698db941de30
I, [2011-03-31T11:52:38.862975 #959]  INFO -- : Token generated: 4TWzPYn, SHA1: 107b648f5c6056658dc9b202d1f578386a597de6
I, [2011-03-31T11:52:39.868626 #959]  INFO -- : Token generated: Q6oJCeG, SHA1: eac2872f05ec668f0707aec97884fe795cbe8548
I, [2011-03-31T11:52:39.869258 #959]  INFO -- : Token generated: VTOopRe, SHA1: d214a9fd289933864469d978bfc1fdc150fb435b
I, [2011-03-31T11:52:40.895186 #959]  INFO -- : Token generated: HGAhcXx, SHA1: 533800495e801bc5431932287a4b00f4dc171b1e
I, [2011-03-31T11:52:40.895871 #959]  INFO -- : Token generated: 2xqDzAs, SHA1: b77acbebf6e6869e83e4d8a1e7d27e182d474107
I, [2011-03-31T11:52:41.903158 #959]  INFO -- : Token generated: FcABVNa, SHA1: af842006fc3b051946d8031ee126130cb7833f0e
I, [2011-03-31T11:52:41.903745 #959]  INFO -- : Token generated: TkyWOdl, SHA1: cd6684ae3cff0ecb230f6ab1757726a25f2e18fb
I, [2011-03-31T11:52:42.908126 #959]  INFO -- : Token generated: XfHIA4Q, SHA1: 2508cdda5c9adeccb548a08efd6d7e8801b5a198
I, [2011-03-31T11:52:42.908643 #959]  INFO -- : Token generated: vRdcV6l, SHA1: 696444a35275863fef983a6dbea5a077157811f1
I, [2011-03-31T11:52:43.913723 #959]  INFO -- : Token generated: zBD0MhE, SHA1: 262b9b4b57f63a8b2dcff355c195221d096e2f5c
I, [2011-03-31T11:52:43.914335 #959]  INFO -- : Token generated: fSKlXkp, SHA1: 69e31b1d1973c6ccc766baef8cbb7a5dedac004b
I, [2011-03-31T11:52:44.923446 #959]  INFO -- : Token generated: 6WKDZeq, SHA1: 8583122be53d9c5e52218121a4ac20f8f4d7e407
I, [2011-03-31T11:52:44.923981 #959]  INFO -- : Token generated: ABYygv3, SHA1: 820efc9836b6ff4da0c2631aaa819e0dfd848ca2
I, [2011-03-31T11:52:45.928842 #959]  INFO -- : Token generated: 98haYy5, SHA1: 6c669ae651dfb7c1ec1b9c726725db821adeece1
I, [2011-03-31T11:52:45.929408 #959]  INFO -- : Token generated: wnYE6fk, SHA1: e46233beacebff741631f2a089341e07a330e753
I, [2011-03-31T11:52:46.934607 #959]  INFO -- : Token generated: 2oUKwsF, SHA1: 999a7c36758b959d272a96cf5edb476601e63514
I, [2011-03-31T11:52:46.935182 #959]  INFO -- : Token generated: LvQgoi4, SHA1: 31a5a48c964e2ecf9a46afa9a2e9b2a393e7ad3e
I, [2011-03-31T11:52:47.939752 #959]  INFO -- : Token generated: TbBtAAx, SHA1: 511e1a928572d7fd8fe9d861960bf90afb061271
I, [2011-03-31T11:52:47.940328 #959]  INFO -- : Token generated: HTOEJFr, SHA1: 7707345769f64657f4b3efde4eab80c08d873a2c
I, [2011-03-31T11:52:48.944435 #959]  INFO -- : Token generated: PHeYjDB, SHA1: 87570b7ba77fb830ebc7c78e5f4516b327b33cab
I, [2011-03-31T11:52:48.944960 #959]  INFO -- : Token generated: Piagfm3, SHA1: 80dcfa801562f54c23c0bdd73c7d468e188c6617
I, [2011-03-31T11:52:49.950282 #959]  INFO -- : Token generated: 9GC5Dcm, SHA1: 9e0c325f164a5f9c45fef30b0cd7ffb74428db79
I, [2011-03-31T11:52:49.950830 #959]  INFO -- : Token generated: EIBwsiU, SHA1: 02c0c94df5569e5c00c4d48d26975fae115266fa
I, [2011-03-31T11:52:50.955262 #959]  INFO -- : Token generated: vBwJOsf, SHA1: 689a90db564bd076f48084d804ae2a6e21a6ad8b
I, [2011-03-31T11:52:50.955783 #959]  INFO -- : Token generated: 3w1KqJB, SHA1: d5a2950cc0e536a45aa332f8ecb7647ce05a73ec
I, [2011-03-31T11:52:51.961781 #959]  INFO -- : Token generated: OGHyx8V, SHA1: 05294715436ee933f13a0a3cd4ae5521c4f85522
I, [2011-03-31T11:52:51.962541 #959]  INFO -- : Token generated: 4Qe0ezP, SHA1: ae7235b91c606dd9c2c6d435c8b43f1e9308f1b8
I, [2011-03-31T11:52:52.966680 #959]  INFO -- : Token generated: Y6pMvtf, SHA1: 59278250fbd9269d2adb0ecb4186a8064a726565
I, [2011-03-31T11:52:52.967244 #959]  INFO -- : Token generated: N7RiLjO, SHA1: 2592e85c4d51477d4aac181d92d799a7b3915c96
I, [2011-03-31T11:52:53.971803 #959]  INFO -- : Token generated: P551tSq, SHA1: 5129e8d9ba507a00ea4da860d9854ee8bb441ce2
I, [2011-03-31T11:52:53.972335 #959]  INFO -- : Token generated: CqnxFkv, SHA1: 81eb3e469106acec8f7174d9437112ad0f8570d2
I, [2011-03-31T11:52:54.976780 #959]  INFO -- : Token generated: fkHjaDG, SHA1: 7e85585910679273a6a526d62f1ff39a586aa8d5
I, [2011-03-31T11:52:54.977280 #959]  INFO -- : Token generated: YEwx17V, SHA1: 245e0fe6416cfa3e2bcc9933cc8f591377f5e7ba
I, [2011-03-31T11:52:55.981673 #959]  INFO -- : Token generated: TDfFZvz, SHA1: 707f547e2b2b8cce7c4a7a23ca327431a6117b03
I, [2011-03-31T11:52:55.982179 #959]  INFO -- : Token generated: KuCwO5n, SHA1: 39bc29ade7c0f6a980b5f9052efcb77b7fb842cc
I, [2011-03-31T11:52:56.986594 #959]  INFO -- : Token generated: XPGLowW, SHA1: f72ce19a1f8c85b5d8f18dacfd2a2cc11979c7e0
I, [2011-03-31T11:52:56.987366 #959]  INFO -- : Token generated: 6GWnot2, SHA1: e790f870029d5317e69a367a0652455e5b0d814f
I, [2011-03-31T11:52:57.991639 #959]  INFO -- : Token generated: SM2yzaL, SHA1: c8a508ad97260e9919473a83ef48920c06381d56
I, [2011-03-31T11:52:57.992154 #959]  INFO -- : Token generated: IZngt9e, SHA1: c8876b503e822d7f406181358c0c6e76e1f0b028
I, [2011-03-31T11:52:59.000601 #959]  INFO -- : Token generated: 5RL8LFU, SHA1: 2f8e2dc7a3b9e83e94e18c8f13df860095aeb7aa
I, [2011-03-31T11:52:59.001305 #959]  INFO -- : Token generated: upLWMp2, SHA1: 1cf79f6e64ee534eea60535e1abc51d3874cbbb4
I, [2011-03-31T11:53:00.008521 #959]  INFO -- : Token generated: DihrkAU, SHA1: a8b86fa8ec629a55c6c86fe01780449b7d93e5ae
I, [2011-03-31T11:53:00.009472 #959]  INFO -- : Token generated: 2WcC0dz, SHA1: aaac23cb2ee116fcca770158565af95303aeb034
I, [2011-03-31T11:53:01.018544 #959]  INFO -- : Token generated: lNYE3nk, SHA1: 0ece75ecb3e63f4fe1c3d129d80289ca6a315458
I, [2011-03-31T11:53:01.019248 #959]  INFO -- : Token generated: rvvJY8O, SHA1: 509b5ca032c149fb1d06049ff1be00d1fe9a42a9
I, [2011-03-31T11:53:02.025038 #959]  INFO -- : Token generated: eNbgpRe, SHA1: 58c263092251b6a40f934971160fa1e8eda84e8c
I, [2011-03-31T11:53:02.025551 #959]  INFO -- : Token generated: nRaIg8N, SHA1: f67414def1ff54b6b342ec96a2963fc606e166b7
I, [2011-03-31T11:53:03.029737 #959]  INFO -- : Token generated: K36VZOk, SHA1: 5bab60d37bd647f1f98e1164202aadb70489f082
I, [2011-03-31T11:53:03.030252 #959]  INFO -- : Token generated: qbAcP1Z, SHA1: f037729430a91a589b60768d43c9fd17e4fbab5d
I, [2011-03-31T11:53:04.034768 #959]  INFO -- : Token generated: oqlFVr9, SHA1: 60c2115bd737f2ef03fe424b9bf872ef4b8e5ecd
I, [2011-03-31T11:53:04.035354 #959]  INFO -- : Token generated: ORXHc24, SHA1: fa59ea1d6e6f70e40a7a34e98e54d88646ea6532
I, [2011-03-31T11:53:05.040430 #959]  INFO -- : Token generated: pghqCL3, SHA1: 604ad9daf9cda17b8aaae61bc9360525a355f731
I, [2011-03-31T11:53:05.040931 #959]  INFO -- : Token generated: UQqVQRl, SHA1: 762cce06625563fa85b859c66cd232c715f2fdf4
I, [2011-03-31T11:53:06.047625 #959]  INFO -- : Token generated: iJkTN63, SHA1: 187ee284ec78b79ffb1fc3776e2f2463c2dc180b
I, [2011-03-31T11:53:06.048179 #959]  INFO -- : Token generated: 7OGXKHH, SHA1: 0dce7bf502297ebcae6db787e8267eb8383fc89c
I, [2011-03-31T11:53:07.052759 #959]  INFO -- : Token generated: xZ2bp96, SHA1: cd7d1e64fb61eaa8aca3fbcef0f36a88003e3e83
I, [2011-03-31T11:53:07.053524 #959]  INFO -- : Token generated: V1iBRGw, SHA1: b8b06526580169582df3a84902d4287a838df2a1
I, [2011-03-31T11:53:08.057726 #959]  INFO -- : Token generated: TmEF1hB, SHA1: 334685c4087c7c418aa159c916a99f0b1459384b
I, [2011-03-31T11:53:08.058265 #959]  INFO -- : Token generated: z1t1J5p, SHA1: 0acc00205984cbe03eb53eddf5969a43a184481f
I, [2011-03-31T11:53:09.062709 #959]  INFO -- : Token generated: EOjTWfu, SHA1: 7e0aed03badf1298c9cf322d5cacad5b814c123f
I, [2011-03-31T11:53:09.063247 #959]  INFO -- : Token generated: McOcH8X, SHA1: 13c16041a034be18b52dd3b6622d6834bffe0f1a
I, [2011-03-31T11:53:10.067558 #959]  INFO -- : Token generated: aQ9HumP, SHA1: 6dd1070522b090221f01e664c53ed8e389f9d0ee
I, [2011-03-31T11:53:10.068089 #959]  INFO -- : Token generated: F1iADe6, SHA1: 93e0381acb1a588ab9ca3405a99d276f9f3c2757
I, [2011-03-31T11:53:11.072550 #959]  INFO -- : Token generated: jRgoNfc, SHA1: 156260ad0898175fe32433313ac9e7e9ba4ca795
I, [2011-03-31T11:53:11.073066 #959]  INFO -- : Token generated: 9q1r2fp, SHA1: 04d95eea12a0c102efda7d8559e5141303e2bc92
I, [2011-03-31T11:53:12.077569 #959]  INFO -- : Token generated: 5uiGGr4, SHA1: 08f5675284fc5495c655a8a89ae92217a8d88225
I, [2011-03-31T11:53:12.078071 #959]  INFO -- : Token generated: w0yyIz1, SHA1: 2ebbdaedd0457809d27b2137e80b097d85679790
I, [2011-03-31T11:53:13.084146 #959]  INFO -- : Token generated: NjzkNNP, SHA1: 48a91d9c0d33b6687ca760ebc52fb52afdbb0148
I, [2011-03-31T11:53:13.084674 #959]  INFO -- : Token generated: eo4or0h, SHA1: b24325b8a90a64bb0383c9fc4c0dd954d0686ae0
I, [2011-03-31T11:53:14.089162 #959]  INFO -- : Token generated: 2zNXWbn, SHA1: 294ded9ef321a621d492e7d6cf4619f41d57b059
I, [2011-03-31T11:53:14.089693 #959]  INFO -- : Token generated: gWaXXwf, SHA1: 01726b3078710ebe2c86d121ccd5b37701b3ce52
I, [2011-03-31T11:53:15.095586 #959]  INFO -- : Token generated: uORRnHO, SHA1: 6909c6133e7755f03c6eee6ca7abb7444d70cb51
I, [2011-03-31T11:53:15.096292 #959]  INFO -- : Token generated: 5T2yvmH, SHA1: fbff84beb29ddb17a7d2265bef921af5de98573e
I, [2011-03-31T11:53:16.101238 #959]  INFO -- : Token generated: pAf8J4o, SHA1: 566d84f7e8cebbd2a86b6a1a15a53058b69f30d7
I, [2011-03-31T11:53:16.101793 #959]  INFO -- : Token generated: 5vvv8Ip, SHA1: 3d0c19d1cf7118a901bcae769ccea021e4eda5c7
I, [2011-03-31T11:53:17.106319 #959]  INFO -- : Token generated: BMDftIo, SHA1: f6ec5f3783419ec4613ab5c5f9da13689fc46aaf
I, [2011-03-31T11:53:17.106828 #959]  INFO -- : Token generated: faY0ZPw, SHA1: f000dbf64f539282b21a5c381e0dae9758bfe095
I, [2011-03-31T11:53:18.110945 #959]  INFO -- : Token generated: i0sCtp5, SHA1: 4934d42b415349160f4917437d4811ff46412db7
I, [2011-03-31T11:53:18.111483 #959]  INFO -- : Token generated: iCwk756, SHA1: 73fe89c03af1ef175d4b3e8d12edea5e3872c84d
I, [2011-03-31T11:53:19.115565 #959]  INFO -- : Token generated: GmBS2Al, SHA1: 442fba2ddc116c97e7686350c6a840544eee7d24
I, [2011-03-31T11:53:19.116105 #959]  INFO -- : Token generated: GDm8Myq, SHA1: 2bc6590b61323dc8b754018001cd8773387c0baf
I, [2011-03-31T11:53:20.122725 #959]  INFO -- : Token generated: cYid4ez, SHA1: e3bda833cdfcc01f20cb783b346ff65f0e370653
I, [2011-03-31T11:53:20.123237 #959]  INFO -- : Token generated: dpxzqrj, SHA1: 73918481ecfa9cd4ef18db988f87ccfb85f5b77e
I, [2011-03-31T11:53:21.129829 #959]  INFO -- : Token generated: qtVUedv, SHA1: ec286da3e61526acdd07612f0270573542c48e38
I, [2011-03-31T11:53:21.131368 #959]  INFO -- : Token generated: Iq5WlSl, SHA1: cfb22b3fc416ed8f8e03c6ab328443a273f3604a
I, [2011-03-31T11:53:22.138670 #959]  INFO -- : Token generated: VbC2MQl, SHA1: daf4f7e96720af7891fd34c0c9c7f8b8dd66ed84
I, [2011-03-31T11:53:22.139281 #959]  INFO -- : Token generated: 5IEjnUs, SHA1: b13117e5e586da3f2f27400ced8b06614546b4f0
I, [2011-03-31T11:53:23.153279 #959]  INFO -- : Token generated: PPTeZw6, SHA1: 3149cadff553632c79ba1e60a8185f3629fdc4fd
I, [2011-03-31T11:53:23.153832 #959]  INFO -- : Token generated: 8Ycqamb, SHA1: 08085279ac4171cdbcb22ce44698b86ba09e6358
I, [2011-03-31T11:53:24.158107 #959]  INFO -- : Token generated: DGNkfXU, SHA1: dd39325c6035e0ecece49e8d68047e97d9630f84
I, [2011-03-31T11:53:24.158613 #959]  INFO -- : Token generated: d3ZMeTp, SHA1: 624b490f60b771f7f13822c4796421169f6328ad
I, [2011-03-31T11:53:25.166072 #959]  INFO -- : Token generated: Gw9r8fj, SHA1: 269bf0a18b419743ee346e4b2cca57487f26d48c
I, [2011-03-31T11:53:25.166959 #959]  INFO -- : Token generated: NGWoV0t, SHA1: fd7da8973416416e95577d84b4782822eb4584ad
I, [2011-03-31T11:53:26.173242 #959]  INFO -- : Token generated: JbZeG6Y, SHA1: fcc8a969207b3bea10a08b7a781cfb81972468b7
I, [2011-03-31T11:53:26.173779 #959]  INFO -- : Token generated: J1fGu3h, SHA1: 00013ef9321c5edceddc873e24ea8d3545027b52
I, [2011-03-31T11:53:27.180004 #959]  INFO -- : Token generated: Mvh1fkd, SHA1: f17ab5e9f552239c72a5e29eb5b5ac0fac752032
I, [2011-03-31T11:53:27.180507 #959]  INFO -- : Token generated: C8uuwgk, SHA1: a0127044ae5df52308a6b4fd831ef998d72fd233
I, [2011-03-31T11:53:28.186770 #959]  INFO -- : Token generated: 5B0U7nY, SHA1: b892a874b3a2d266c57c51a1c4b791889bd3da46
I, [2011-03-31T11:53:28.187438 #959]  INFO -- : Token generated: hwP8rp9, SHA1: 5c464a1fb3f4017a9027c11e3b015107fa7ddb78
I, [2011-03-31T11:53:29.191950 #959]  INFO -- : Token generated: 1NnciGa, SHA1: 242ca2febf746a59bf2febed7a462c260d2b8c22
I, [2011-03-31T11:53:29.192474 #959]  INFO -- : Token generated: hifRpos, SHA1: 1ace0479f30a0cf20256db581a73c442be47e163
I, [2011-03-31T11:53:30.200750 #959]  INFO -- : Token generated: uuFW3gu, SHA1: 3c7784f39f546df05083fcc6a8d5d3dd7f3f3cce
I, [2011-03-31T11:53:30.201262 #959]  INFO -- : Token generated: WITygPy, SHA1: c540337d4285d06010beae21a50f9c340bb32f9b
I, [2011-03-31T11:53:31.206088 #959]  INFO -- : Token generated: 1JRfqgB, SHA1: e4f9101c6a3a58a61b4c472d1fa67e5ee6b973b2
I, [2011-03-31T11:53:31.206578 #959]  INFO -- : Token generated: 9GbeONb, SHA1: b7639cb0d964b7f1fa90c4ad2bb4c33bf6eb9b77
I, [2011-03-31T11:53:32.216852 #959]  INFO -- : Token generated: M9I03QX, SHA1: ca72bb08ff65b7500f7cc104399782e17cfd2ba7
I, [2011-03-31T11:53:32.217893 #959]  INFO -- : Token generated: QfrrudJ, SHA1: 427b30a42966f6b7f3279dc0ecd5f785a28f82b0
I, [2011-03-31T11:53:33.230539 #959]  INFO -- : Token generated: Q2UrtV1, SHA1: 5d3c130a302be81d094a0b609cb09328e4d10065
I, [2011-03-31T11:53:33.231044 #959]  INFO -- : Token generated: k6ujpvq, SHA1: 081d1481f8b5b1eec9ec8fa445ef8577074c322c
I, [2011-03-31T11:53:34.238181 #959]  INFO -- : Token generated: JBXhhmJ, SHA1: 47c0f28d7edac960e3fa45efedde6815315650e4
I, [2011-03-31T11:53:34.238848 #959]  INFO -- : Token generated: SvP95oV, SHA1: fd343fab8c94fc72163eb28258b202e356c82f41
I, [2011-03-31T11:53:35.247052 #959]  INFO -- : Token generated: JJnBhzx, SHA1: 20e2ff1a2f4de5e5109b1709028d4a3d1192f750
I, [2011-03-31T11:53:35.248100 #959]  INFO -- : Token generated: RVxjhwC, SHA1: 8c549ddfe462e20ad8872ceef2bb72da6d9d5df7
I, [2011-03-31T11:53:36.254473 #959]  INFO -- : Token generated: yuozV1E, SHA1: 2564021af728a8f84136b64fcc3ee57bd7f13165
I, [2011-03-31T11:53:36.254980 #959]  INFO -- : Token generated: 2IjFApv, SHA1: 7c3dbc957417d9e8256569f3728084aef414667c
I, [2011-03-31T11:53:37.260584 #959]  INFO -- : Token generated: CT90qwV, SHA1: 0c4e0cd2901213311e6b88f643985861e5bcdb6e
I, [2011-03-31T11:53:37.261142 #959]  INFO -- : Token generated: mk0vVw0, SHA1: 749718e1fd6b08e94ece8407d41728d6f908df83
I, [2011-03-31T11:53:38.265601 #959]  INFO -- : Token generated: aj68npP, SHA1: 56a00d5d13a5d3ad5f7daa816e204696b97aed75
I, [2011-03-31T11:53:38.266202 #959]  INFO -- : Token generated: 3EMhPrT, SHA1: ac1ff593e61aa0b40154433c7e976ae392372d74
I, [2011-03-31T11:53:39.271710 #959]  INFO -- : Token generated: 7pxpAzD, SHA1: c10801baef3644668c1d37c60c8639168bd58406
I, [2011-03-31T11:53:39.272349 #959]  INFO -- : Token generated: oFq3EJ4, SHA1: 46009e8d83f8cb66654696dc0ae3f4543a869d62
I, [2011-03-31T11:53:40.277023 #959]  INFO -- : Token generated: 2MNyXVJ, SHA1: a2f44967d7887fabcf73f42e9f3083e4ebcae4de
I, [2011-03-31T11:53:40.277532 #959]  INFO -- : Token generated: RHRQBzi, SHA1: efb6781fc0c01802a7ed21b5513042336ad3e0fa
I, [2011-03-31T11:53:41.285558 #959]  INFO -- : Token generated: 87hGuNG, SHA1: def1d507cef9cac6ef78df4042d0c99b818457c3
I, [2011-03-31T11:53:41.286246 #959]  INFO -- : Token generated: pG2GMxB, SHA1: 39d8a271ed7a5c77987b5506a2df88d56ce168e2
I, [2011-03-31T11:53:42.290773 #959]  INFO -- : Token generated: RX0Z1YE, SHA1: 755c8dbe56156471406c00786e6e3f2fd075219d
I, [2011-03-31T11:53:42.291475 #959]  INFO -- : Token generated: 6VbuprC, SHA1: 18348753e9e8c34e05d814865ccd8eeb5822c26b
I, [2011-03-31T11:53:43.295883 #959]  INFO -- : Token generated: BK04gsh, SHA1: 5a996ed168d67a2b2880e5b1bf09633009a8cdad
I, [2011-03-31T11:53:43.296399 #959]  INFO -- : Token generated: NsU4HWc, SHA1: 3dd4eecaca82299d2ab62c7253c73d77ffa11a7c
I, [2011-03-31T11:53:44.300597 #959]  INFO -- : Token generated: XG6hFUJ, SHA1: d49369d7da04a56bc0a90213a107513b663adf5f
I, [2011-03-31T11:53:44.301146 #959]  INFO -- : Token generated: lIbSpJm, SHA1: 3abce517447a7ed1d1be6922f857df02cae1b6d2
I, [2011-03-31T11:53:45.306209 #959]  INFO -- : Token generated: iBjriVa, SHA1: e23b309e1ee79a1a5b557123d0fc6475f360362f
I, [2011-03-31T11:53:45.306721 #959]  INFO -- : Token generated: MvjAw3o, SHA1: e0493ac7e527f4f8f17c81bd4f0f13aa9271eab4
I, [2011-03-31T11:53:46.311225 #959]  INFO -- : Token generated: 2IYDrgJ, SHA1: c4de8bbbdf467a1f4d94321ea6505740b90dafb8
I, [2011-03-31T11:53:46.311747 #959]  INFO -- : Token generated: SZNI0N3, SHA1: 531f03a99479d0a1a99ebdf8a2737888356a826e
I, [2011-03-31T11:53:47.316165 #959]  INFO -- : Token generated: KuyalvO, SHA1: 9b11c25efb83fc0e775d5609763312ff781946a0
I, [2011-03-31T11:53:47.316766 #959]  INFO -- : Token generated: qCcUEno, SHA1: 7326ef3a39aede58455d76e92507e3b9c94b2afc
I, [2011-03-31T11:53:48.325869 #959]  INFO -- : Token generated: C1hGaBE, SHA1: 72651390a6a25de3f9a982494ff25973645b3036
I, [2011-03-31T11:53:48.326493 #959]  INFO -- : Token generated: arY5bCx, SHA1: bb113c80d1f0178795a450ca882b8418885af619
I, [2011-03-31T11:53:49.330823 #959]  INFO -- : Token generated: PK3LEro, SHA1: 0cc7a2a695b88dc0d48923407f606095fdc73159
I, [2011-03-31T11:53:49.331322 #959]  INFO -- : Token generated: V8wwkSv, SHA1: 14320022c9407fb7330d81ca83421764e1d9c6ac
I, [2011-03-31T11:53:50.335967 #959]  INFO -- : Token generated: XXHArFc, SHA1: 1d9ed2fb0c9b5cec3455a2545850d74f2563dbe5
I, [2011-03-31T11:53:50.336504 #959]  INFO -- : Token generated: fbgZ0bR, SHA1: 76c52b4b3339a7729ea2d32cae7cb7556f1a02eb
I, [2011-03-31T11:53:51.340881 #959]  INFO -- : Token generated: 745EFew, SHA1: 3ddcd1be18af436776aa9e71c1dbc809ae31a7d0
I, [2011-03-31T11:53:51.341387 #959]  INFO -- : Token generated: gYfjo4r, SHA1: 6ba714a0fd3d8cbef7bcd0b181723820ca259db7
I, [2011-03-31T11:53:52.345931 #959]  INFO -- : Token generated: AaMnZCp, SHA1: f90acc54942986c4e12d9567f6ef71937d7c9000
I, [2011-03-31T11:53:52.346449 #959]  INFO -- : Token generated: u8ox9T8, SHA1: c92a87a9e9460ba065b8289cc0fef33088963595
I, [2011-03-31T11:53:53.351163 #959]  INFO -- : Token generated: npNGEKY, SHA1: c3cf3cbe2d85cbcf32669b2073c595e0f9265937
I, [2011-03-31T11:53:53.351722 #959]  INFO -- : Token generated: wTN7c26, SHA1: 88dffba3d8a112870e25a140eecf13edd0164407
I, [2011-03-31T11:53:54.356053 #959]  INFO -- : Token generated: ftzTNRk, SHA1: 8e3d61e21b5b0fb9ea4f9e32dca31633952a45ce
I, [2011-03-31T11:53:54.356624 #959]  INFO -- : Token generated: j8NvHX4, SHA1: 9396c16962912f04e8b2663f8c9d0482f300fd75
I, [2011-03-31T11:53:55.363407 #959]  INFO -- : Token generated: k01PdX2, SHA1: c8d6d648125a52a0d41650bf0dbdb50f956c2df4
I, [2011-03-31T11:53:55.363911 #959]  INFO -- : Token generated: 4fq1ZGa, SHA1: 7a2b77585cfd5713669f8e4979dc7646feefb62e
I, [2011-03-31T11:53:56.368639 #959]  INFO -- : Token generated: ov4iyOz, SHA1: 1715b0081c410a3ac3df683b5a0a8456a95cc3d8
I, [2011-03-31T11:53:56.369346 #959]  INFO -- : Token generated: mwzAMik, SHA1: 90f4878407d8812711485cd6cc04e93a37b235f9
I, [2011-03-31T11:53:57.373584 #959]  INFO -- : Token generated: r4AM5vn, SHA1: 7070c59681563fdec1b95ad025aa26bc034ecaef
I, [2011-03-31T11:53:57.374151 #959]  INFO -- : Token generated: 1EMXhR2, SHA1: 04377cb1d3ff3d36ac0b9d8423bd8e9141fb441e
I, [2011-03-31T11:53:58.378591 #959]  INFO -- : Token generated: JiUzIdj, SHA1: f5cb740ead9554bb4ce67a84106754aa7abafe26
I, [2011-03-31T11:53:58.379097 #959]  INFO -- : Token generated: uyMUmPo, SHA1: eaa5b0223072598728063e0f7e4edb99c5d7da84
I, [2011-03-31T11:53:59.383863 #959]  INFO -- : Token generated: TeKL2QG, SHA1: c5bc029139ca21753a4e537c7f48bbd807c30bf6
I, [2011-03-31T11:53:59.384363 #959]  INFO -- : Token generated: fEmMQ9F, SHA1: 50c5f7b2ad4e1716b308c3ae3b98cb24c20a9830
I, [2011-03-31T11:54:00.398783 #959]  INFO -- : Token generated: Hpc26OD, SHA1: ed7b6291c0847d857d727e18ee2adc154b42e7ec
I, [2011-03-31T11:54:00.400741 #959]  INFO -- : Token generated: REDcQ4A, SHA1: 89cb37f02340d16e674a11972afc0dc54c00aace
I, [2011-03-31T11:54:01.432502 #959]  INFO -- : Token generated: buixsYW, SHA1: 8a63da4c24dbcd2be82d84e0a666bcfc1db84dcd
I, [2011-03-31T11:54:01.433445 #959]  INFO -- : Token generated: OTU8yek, SHA1: c9060ec9c120b1cce896a7ed1842661bc77b97ef
I, [2011-03-31T11:54:02.462055 #959]  INFO -- : Token generated: be3ojY7, SHA1: a0a8ebe7168d95e7a8f7f76526f39d7121526c25
I, [2011-03-31T11:54:02.462924 #959]  INFO -- : Token generated: PxNBpYo, SHA1: 440ff0b90682ac6c7ae289d493dfda816367c87e
I, [2011-03-31T11:54:03.467512 #959]  INFO -- : Token generated: QwxO8Hi, SHA1: ed1453f7ad2e376314e3e5026194598d239409b5
I, [2011-03-31T11:54:03.468022 #959]  INFO -- : Token generated: ccaDyTP, SHA1: 57b2446efb213539a6e9307707d570b1af40ab94
I, [2011-03-31T11:54:04.472945 #959]  INFO -- : Token generated: MW6Lb1V, SHA1: 73ec0bc407e375d61a57d76914d0ef0f95a90042
I, [2011-03-31T11:54:04.473448 #959]  INFO -- : Token generated: 8KRKlEh, SHA1: a11415f0c9097744141464d4bfc81d48b57bcc6d
I, [2011-03-31T11:54:05.477834 #959]  INFO -- : Token generated: I0heLYT, SHA1: a8afac2bcbce8c3b77443e50397ae008ca3e62a5
I, [2011-03-31T11:54:05.478397 #959]  INFO -- : Token generated: 7fBFDtG, SHA1: e945aab801b7b6421558a98d7a4c396b47d6423c
I, [2011-03-31T11:54:06.482946 #959]  INFO -- : Token generated: 4SH454s, SHA1: b89fb49fe6abe5a4c9995a0abf316e339629eb5a
I, [2011-03-31T11:54:06.483477 #959]  INFO -- : Token generated: vqhp452, SHA1: b20a20c44f75fa3f8c2e14c6f0d7d7e3c10741ed
I, [2011-03-31T11:54:07.487915 #959]  INFO -- : Token generated: EWL301w, SHA1: fdde83d1a9c53e3916f3e7221321c5e129f87ed2
I, [2011-03-31T11:54:07.488407 #959]  INFO -- : Token generated: jfI1lXL, SHA1: 387683783943d31bcc0c689549474f3bb940e906
I, [2011-03-31T11:54:08.493104 #959]  INFO -- : Token generated: XRz1eSL, SHA1: e646e65c0333b008534dfd016ed9f692a0d15691
I, [2011-03-31T11:54:08.493659 #959]  INFO -- : Token generated: IsmE4cs, SHA1: 78a8a4bf51bc28c2575b8b0deb9cd707c9a7e1af
I, [2011-03-31T11:54:09.507499 #959]  INFO -- : Token generated: 7zkIrhh, SHA1: aeb7a1b787c488ca0893e60e7950682c27ef1a41
I, [2011-03-31T11:54:09.508227 #959]  INFO -- : Token generated: 0WbNy97, SHA1: bc2487073ec5c975035a7b5b40dc0b5484de2bbc
I, [2011-03-31T11:54:10.512766 #959]  INFO -- : Token generated: SmnpLnF, SHA1: 16c6cd9d89490d7a0d204f03d7ccb8a94a6f3c2a
I, [2011-03-31T11:54:10.513309 #959]  INFO -- : Token generated: msjIKa4, SHA1: 1a51fc2c7902d2a8cee8a27ac9d31d0a9c490755
I, [2011-03-31T11:54:11.520780 #959]  INFO -- : Token generated: p9gdBfJ, SHA1: 9fed970f3ed8f4966a66e3fd26f4fbb1fbd85c59
I, [2011-03-31T11:54:11.521336 #959]  INFO -- : Token generated: 4uJqImu, SHA1: 320129b45679f0b95749660dddbafe1333a81a7a
I, [2011-03-31T11:54:12.526077 #959]  INFO -- : Token generated: 0dPrmnm, SHA1: 66a67ab03b9b4483cb0eeb96d44490bb20f735ba
I, [2011-03-31T11:54:12.526909 #959]  INFO -- : Token generated: 4OLn6zt, SHA1: 12592938577f0d2732fd6749f6bd17786357a01b
I, [2011-03-31T11:54:13.531955 #959]  INFO -- : Token generated: mOEZVNO, SHA1: 15e8ec3d0c427a3544fcf1a2a981867b824a6021
I, [2011-03-31T11:54:13.532448 #959]  INFO -- : Token generated: ivExJV7, SHA1: 5ed4c872f8560b5840f3be9945f886898d50a993
I, [2011-03-31T11:54:14.537066 #959]  INFO -- : Token generated: n1NwcMv, SHA1: f9ebc76aa0eeb092698203240e62225d055e18a4
I, [2011-03-31T11:54:14.537630 #959]  INFO -- : Token generated: kbcf109, SHA1: 3913f775db241d57f427256c6c93bb630a3f45ec
I, [2011-03-31T11:54:15.541849 #959]  INFO -- : Token generated: OqEkY3j, SHA1: d77b8a0d88971027dace1bb9927f337db4f06e2f
I, [2011-03-31T11:54:15.542380 #959]  INFO -- : Token generated: ZcxEDpE, SHA1: 2548abaea89dd0adf69806c76c62c9cad2b3466a
I, [2011-03-31T11:54:16.549038 #959]  INFO -- : Token generated: Y7BkC4e, SHA1: 579cd2b48e7f61888a115cf70bc9ee4c2e307a90
I, [2011-03-31T11:54:16.549557 #959]  INFO -- : Token generated: xTgjLzb, SHA1: 17e05591e022e349c6e40565bbb833b9b73f9c23
I, [2011-03-31T11:54:17.554296 #959]  INFO -- : Token generated: oDLPeRy, SHA1: 8ed616755f0b0987c2170f5093bf9f4e14708380
I, [2011-03-31T11:54:17.554809 #959]  INFO -- : Token generated: 4A6JpSD, SHA1: f796946ee82c17cce6345e88db56843da30aa3a0
I, [2011-03-31T11:54:18.559103 #959]  INFO -- : Token generated: hEqzkaU, SHA1: e933bd008dbb62db94ac58df1a36304e2b0bd566
I, [2011-03-31T11:54:18.559610 #959]  INFO -- : Token generated: ePxah6h, SHA1: 2317933263993d2f9c2a1d27027bd6b81b14398b
I, [2011-03-31T11:54:19.579926 #959]  INFO -- : Token generated: 44ZWuKQ, SHA1: 6cc8cfdc48eb1d18937770779a839a3dd62782f1
I, [2011-03-31T11:54:19.581660 #959]  INFO -- : Token generated: TZDNd32, SHA1: 2f1f398e2915386caa8970493d80d38e7b217c57
I, [2011-03-31T11:54:20.586793 #959]  INFO -- : Token generated: ilvjVQY, SHA1: 644dce6d88e607193de2a24a2bebca98e66d6e37
I, [2011-03-31T11:54:20.587300 #959]  INFO -- : Token generated: hGGbgMv, SHA1: 052f802dce98da18bfbabc56a02f771a8de9e5bc
I, [2011-03-31T11:54:21.591770 #959]  INFO -- : Token generated: 7sSJwAc, SHA1: 560a94ef603a5cd8d395197c6addebe91dd82401
I, [2011-03-31T11:54:21.592270 #959]  INFO -- : Token generated: ZMAItk6, SHA1: 2ec5251f76967a3851bb8b398ae01fb47bc1702b
I, [2011-03-31T11:54:22.596928 #959]  INFO -- : Token generated: 4y4R1k0, SHA1: ff04d0f37a52b01f5ebbdc9ac7bd87d5493a6f30
I, [2011-03-31T11:54:22.597468 #959]  INFO -- : Token generated: DndEiMW, SHA1: d182c36e20fd3c7b7d22d494147db16db99f7ef9
I, [2011-03-31T11:54:23.604370 #959]  INFO -- : Token generated: fHKSpN6, SHA1: 28364e5ddca5c3ef5c16e7ed3ac33485e931c288
I, [2011-03-31T11:54:23.605057 #959]  INFO -- : Token generated: PsIO6mm, SHA1: c6936ea632811435a3904e93fff370ad6aed8d5f
I, [2011-03-31T11:54:24.609378 #959]  INFO -- : Token generated: gb7O6Jf, SHA1: 6cd61331d8b3b87263b768dd3a2f944d9f9aa905
I, [2011-03-31T11:54:24.610046 #959]  INFO -- : Token generated: 5LcGjR6, SHA1: efeee6ea88a3ec4daa4bd17bf774f9540429639f
I, [2011-03-31T11:54:25.614216 #959]  INFO -- : Token generated: t82eUlZ, SHA1: 4058e596481ad9b39bb96bc91b97a261fe73c87f
I, [2011-03-31T11:54:25.614747 #959]  INFO -- : Token generated: PMcMBeX, SHA1: ec95ee4ea455c8c8545e1935acca7053cae00458
I, [2011-03-31T11:54:26.619056 #959]  INFO -- : Token generated: 4kzOY6c, SHA1: 594343eb838d26035da74d95f11172900fdb41e1
I, [2011-03-31T11:54:26.619556 #959]  INFO -- : Token generated: QrsKTTm, SHA1: df753265a61ac06b6e7342fb0c2dc05ffa8ace40
I, [2011-03-31T11:54:27.624034 #959]  INFO -- : Token generated: wYTzxb0, SHA1: d0883877d0ee695492d15353561bc0dc7d469433
I, [2011-03-31T11:54:27.624545 #959]  INFO -- : Token generated: AJQZFdz, SHA1: ff241e2e2956af5e7b1798db128d65887782e7d5
I, [2011-03-31T11:54:28.629098 #959]  INFO -- : Token generated: F3i9TMG, SHA1: bff84d887bdea0fee52a05728ab4c871ea21d321
I, [2011-03-31T11:54:28.629655 #959]  INFO -- : Token generated: r5Isos3, SHA1: 19747ffca34d6a2bd10e2b041be2f9f7406fd84c
I, [2011-03-31T11:54:29.634375 #959]  INFO -- : Token generated: MPr2D48, SHA1: aaf27b20a4debdb99c7203667c05cd328cfcf4b9
I, [2011-03-31T11:54:29.634905 #959]  INFO -- : Token generated: 7tCRoNy, SHA1: 7dbb202dea09bd398479cb9f344090271af5244c
I, [2011-03-31T11:54:30.641419 #959]  INFO -- : Token generated: 3EW7Q5h, SHA1: 2a434911ac93ad368c62ff4e3833092b64a0eabc
I, [2011-03-31T11:54:30.641935 #959]  INFO -- : Token generated: FHw2C5N, SHA1: d808f0a69bf9a0a2c4c00e407bcaf93da9f414b6
I, [2011-03-31T11:54:31.646310 #959]  INFO -- : Token generated: IJJDwdt, SHA1: c97a31cd879fab4ac302f7fbbdbd5ccbb5f15cd5
I, [2011-03-31T11:54:31.646829 #959]  INFO -- : Token generated: N9rJUYn, SHA1: e40f1c3de0cefe30f3828d511098f6761f15ddc8
I, [2011-03-31T11:54:32.651148 #959]  INFO -- : Token generated: 4KKtmHq, SHA1: ac939643ffd1b2be8933c8febbddb1f0deb3dfa9
I, [2011-03-31T11:54:32.651698 #959]  INFO -- : Token generated: pcCGnh8, SHA1: 9c6f418c5646e133c864774cf81121534bf4aec9
I, [2011-03-31T11:54:33.656019 #959]  INFO -- : Token generated: fktOlNL, SHA1: 9d67a67f13b7d128be9d7a52f429f17c1689271c
I, [2011-03-31T11:54:33.656578 #959]  INFO -- : Token generated: eqtfIh6, SHA1: 746c535e6d04da473a761a5987f2d720dd2f879d
I, [2011-03-31T12:02:40.644513 #959]  INFO -- : Token generated: rtSner0, SHA1: fdc21f952ccb843ef4cf3a12abd628f7d7a8739f
I, [2011-03-31T12:02:40.645233 #959]  INFO -- : Token generated: lhmEaeS, SHA1: b19bb41fcbca71b329550af8d76da2758d8ff32e
I, [2011-03-31T12:02:41.651369 #959]  INFO -- : Token generated: h98JMrW, SHA1: 862d69b5cec3a6fa3bc015885ccf6692ec668548
I, [2011-03-31T12:02:41.652013 #959]  INFO -- : Token generated: 614Qnlh, SHA1: 4184f118a4b9d5abb4cbb44aa0bcee38ea304291
I, [2011-03-31T12:02:42.657143 #959]  INFO -- : Token generated: Q85hlbe, SHA1: 86386fa49d38929096be510a4e1f1e9dff0b4228
I, [2011-03-31T12:02:42.657708 #959]  INFO -- : Token generated: lSg4tDK, SHA1: 4d6e9451c8660fe84cba8fbc861ed7678f95fdce
I, [2011-03-31T12:02:43.662152 #959]  INFO -- : Token generated: zIpZ63c, SHA1: ba2ba1103d14c59cc67bc0a0625ad4d697a5e193
I, [2011-03-31T12:02:43.662698 #959]  INFO -- : Token generated: Qixlmrj, SHA1: 64e3ee6455bc698bf1fd3d95e993077d4e30faa1
I, [2011-03-31T12:03:49.374706 #1030]  INFO -- : Token generated: HcRpoz, SHA1: 03f85e42c015bb959579247b0d99f10ab868d5f6
I, [2011-03-31T12:03:49.375443 #1030]  INFO -- : Token generated: SNpU19, SHA1: a380bf9f600a30b6a0fb197fb1fb2dae91cdb242
I, [2011-03-31T12:03:50.379530 #1030]  INFO -- : Token generated: gC7jax, SHA1: fbd26e268af90401315a741d113ac5aa0f2ec8c3
I, [2011-03-31T12:03:50.380031 #1030]  INFO -- : Token generated: KMiWQk, SHA1: 15491aeb1c36da9d64605df467677ac2c9cb9320
I, [2011-03-31T12:03:51.384257 #1030]  INFO -- : Token generated: vBCEVO, SHA1: 65ef0466f51dd84e2557adfbe5ae755898c8bd52
I, [2011-03-31T12:03:51.384949 #1030]  INFO -- : Token generated: qhd6Ir, SHA1: d1cdace3acc265a98d3888a49d646ac31215f730
I, [2011-03-31T12:03:52.389020 #1030]  INFO -- : Token generated: a8hB2N, SHA1: a841616ee4b4e667fb0a0649eda6e01b42850f8f
I, [2011-03-31T12:03:52.389525 #1030]  INFO -- : Token generated: P1zuKK, SHA1: e3ce11332e5b7f5ad06ec5572eca5826d63269ef
I, [2011-03-31T12:03:53.393559 #1030]  INFO -- : Token generated: mR9jDX, SHA1: aefddc1af39a97c5bf5471a3176f9096a598ea67
I, [2011-03-31T12:03:53.394057 #1030]  INFO -- : Token generated: q1Xsxj, SHA1: 7e031cf65b8c90cb597170c2c49fe03b6d87688e
I, [2011-03-31T12:03:54.398498 #1030]  INFO -- : Token generated: FSrziV, SHA1: dfad8643f0527ccd693d3a6ac5675d4ea22524b7
I, [2011-03-31T12:03:54.398994 #1030]  INFO -- : Token generated: fCmLwx, SHA1: 2412ea5cd947bc9781eb89dd2ce53db77f5ff37c
I, [2011-03-31T12:03:55.403576 #1030]  INFO -- : Token generated: v5VvxV, SHA1: 97207465eec7e019fe4272f5960f3d63d8ee493f
I, [2011-03-31T12:03:55.404082 #1030]  INFO -- : Token generated: IRiIIv, SHA1: acb8d1f28546e34a16f0e5c4f98f8bf5026a3b4f
I, [2011-03-31T12:03:56.409643 #1030]  INFO -- : Token generated: EImY4E, SHA1: 510725cfc1e1092cbe48a11fdc282b287a797edb
I, [2011-03-31T12:03:56.410153 #1030]  INFO -- : Token generated: UnHfVX, SHA1: 3dfac82fa654c046b1996eed46de1ac38018b9b1
I, [2011-03-31T12:03:57.414561 #1030]  INFO -- : Token generated: j14m4M, SHA1: 950db3ecebb36c02f194a4445aa68f151f4b55af
I, [2011-03-31T12:03:57.415094 #1030]  INFO -- : Token generated: YunB8l, SHA1: 39813c03540d07a2573ee4be118dc5ac92c21149
I, [2011-03-31T12:03:58.419763 #1030]  INFO -- : Token generated: KoAyPD, SHA1: 6c5dfb7beb5ad661bb77ba3af5ed91886accc014
I, [2011-03-31T12:03:58.420305 #1030]  INFO -- : Token generated: VGyPPv, SHA1: 4f53675fd120efd1d5d027e48ff8ffda2784683b
I, [2011-03-31T12:03:59.424421 #1030]  INFO -- : Token generated: 6VpfXm, SHA1: 86b55a8d5f9a153eee688d23dbdbf8bd8e4798fd
I, [2011-03-31T12:03:59.424935 #1030]  INFO -- : Token generated: 6xvESd, SHA1: 647b1d1632a2e880eea0a449a235be628da01346
I, [2011-03-31T12:04:00.434458 #1030]  INFO -- : Token generated: qB6dcT, SHA1: 61feeb4ab678db02a4b62e50aeface207525a975
I, [2011-03-31T12:04:00.435170 #1030]  INFO -- : Token generated: PuFZCg, SHA1: b7f2f52ffee4a887346c68a0dd0d68d3f6e6fe1b
I, [2011-03-31T12:04:01.440041 #1030]  INFO -- : Token generated: uKUFqQ, SHA1: 85d5afed76eeacc5d793ac7ea27d3b7d888d6e02
I, [2011-03-31T12:04:01.440706 #1030]  INFO -- : Token generated: ZhjY2O, SHA1: 0531ecdece5045903d3c48728c271beed509f59e
I, [2011-03-31T12:04:02.445354 #1030]  INFO -- : Token generated: e9Wvrk, SHA1: 09a19293f09a3121820f23b6bf66f10dd95908a0
I, [2011-03-31T12:04:02.445870 #1030]  INFO -- : Token generated: 5fr3fv, SHA1: 7875c704f0544763ababd930c2f2bc1e8fd06821
I, [2011-03-31T12:04:03.451602 #1030]  INFO -- : Token generated: VWfwtl, SHA1: a503c8c6e64205b23acb5f1c9bc22351d0411899
I, [2011-03-31T12:04:03.452123 #1030]  INFO -- : Token generated: IYfx0j, SHA1: 3cc0e395865cfc3dcc3d8853b69572debef4bf15
I, [2011-03-31T12:04:04.456196 #1030]  INFO -- : Token generated: LMUPCa, SHA1: b2540c9bc66c322fdf9b3a0994ac8e3794c71b84
I, [2011-03-31T12:04:04.456706 #1030]  INFO -- : Token generated: AVuL2B, SHA1: 02234b823bd6fea3c41ae7b9b8efb0ff974f025f
I, [2011-03-31T12:04:05.461003 #1030]  INFO -- : Token generated: wSsK5v, SHA1: 2ce7c57eb1fb3a87649869c82c7169d696e61b4a
I, [2011-03-31T12:04:05.461509 #1030]  INFO -- : Token generated: h7cAGn, SHA1: 9dd36f5f813eeadbb7c0e16ea264045fa89751a2
I, [2011-03-31T12:04:06.465936 #1030]  INFO -- : Token generated: SNTONX, SHA1: 566e614e832bd53cf1ee432b06b6f44ed3cd9907
I, [2011-03-31T12:04:06.466532 #1030]  INFO -- : Token generated: waK4Ag, SHA1: 2681d142a772003c44eb4be78134aab972eb57b6
I, [2011-03-31T12:04:07.470651 #1030]  INFO -- : Token generated: S9rxV6, SHA1: 5171a3730b79de5ba13e90e36bfa6bd145582793
I, [2011-03-31T12:04:07.471168 #1030]  INFO -- : Token generated: WWPp2H, SHA1: e3ebb6be34cd2bd3b00760a7b5537a86a8f6767c
I, [2011-03-31T12:04:08.475463 #1030]  INFO -- : Token generated: KsZfhp, SHA1: 1eb21150b89a5689ad64c1d62db4e6fb82570ea7
I, [2011-03-31T12:04:08.475982 #1030]  INFO -- : Token generated: 600Rr5, SHA1: 542104e61ac2a28eeea4dd2b2cb90f1aefd173bf
I, [2011-03-31T12:04:09.480344 #1030]  INFO -- : Token generated: KEaKDf, SHA1: 402baed18b1914ab64a73a4d76a37b86b074469e
I, [2011-03-31T12:04:09.480850 #1030]  INFO -- : Token generated: 5K6Yaz, SHA1: 78ef3556696ac183b0296445f319ce14c1fbefa1
I, [2011-03-31T12:04:10.492375 #1030]  INFO -- : Token generated: K86SYh, SHA1: 046d09e038448cca4b145ca69b1b27b7b32c610a
I, [2011-03-31T12:04:10.493329 #1030]  INFO -- : Token generated: nxPoGr, SHA1: d473d10cde8d56b6978e23084d918089d495cfae
I, [2011-03-31T12:04:11.499032 #1030]  INFO -- : Token generated: N3hgeB, SHA1: 17059d392fb5b93107ade95d6098b76b33203031
I, [2011-03-31T12:04:11.499537 #1030]  INFO -- : Token generated: Pixu1D, SHA1: 6166642ed7e1625ade2d678191627734b82b4ff0
I, [2011-03-31T12:04:12.503817 #1030]  INFO -- : Token generated: 3KTsD9, SHA1: 80e9207799209f5c3cb23492ed0ef8611a7232ec
I, [2011-03-31T12:04:12.504314 #1030]  INFO -- : Token generated: 7THKcy, SHA1: e850dd5dd7d044c0930873de0a1153b80c774bf3
I, [2011-03-31T12:04:13.508977 #1030]  INFO -- : Token generated: FevZb0, SHA1: ce8168f2b742975e2edafa93056f23b2112d5a76
I, [2011-03-31T12:04:13.509522 #1030]  INFO -- : Token generated: wVL0Gu, SHA1: 85a2cf029d073082c2d8272e2096f69028c5659d
I, [2011-03-31T12:04:14.513917 #1030]  INFO -- : Token generated: KHa40v, SHA1: e6878e96a04fd3ca23c9fdcf4a2719238755d8df
I, [2011-03-31T12:04:14.514414 #1030]  INFO -- : Token generated: i8yt4D, SHA1: f98f4de312de95e005f98f981cbe88d3bc64f64a
I, [2011-03-31T12:04:15.519272 #1030]  INFO -- : Token generated: YguvUF, SHA1: 62266c9d6872c4d6334211bbd53decd7c4f9676a
I, [2011-03-31T12:04:15.519776 #1030]  INFO -- : Token generated: qDumzU, SHA1: d7c03b273011d2394faeb44861fee0da0c2fb335
I, [2011-03-31T12:04:16.524045 #1030]  INFO -- : Token generated: 3rSIeT, SHA1: aadca79cada1d2b2c9b3f048c12e6b1e0a64b3f2
I, [2011-03-31T12:04:16.524564 #1030]  INFO -- : Token generated: YNqB6g, SHA1: 874cacc0527171209bc13edac9df7a33b2e16444
I, [2011-03-31T12:04:17.532379 #1030]  INFO -- : Token generated: 7M3CHU, SHA1: 437de1fd1a286ba442e3c0af57416e7bb2cb055d
I, [2011-03-31T12:04:17.533079 #1030]  INFO -- : Token generated: z4C3Ec, SHA1: a35cf2b81272bf743d8256f3ae4ebb8b037e913e
I, [2011-03-31T12:04:18.539256 #1030]  INFO -- : Token generated: rCdZiP, SHA1: e40c4a829c5882e5b5ac2ea085b66a478cc903de
I, [2011-03-31T12:04:18.539789 #1030]  INFO -- : Token generated: jJYv0g, SHA1: 9e4ff2849b84245769fffbfe74d3e331a78d5f97
I, [2011-03-31T12:04:19.544119 #1030]  INFO -- : Token generated: owSjRu, SHA1: 311e8f20ceb18b794129ef86b5874d67d8ce1d7d
I, [2011-03-31T12:04:19.544622 #1030]  INFO -- : Token generated: 8i8tYQ, SHA1: cec47233e2df788a9738e1d2e290f93158ff4314
I, [2011-03-31T12:04:20.557112 #1030]  INFO -- : Token generated: 00cQ7N, SHA1: 7ec5a0775f59e812589adbf3de789e1e59313393
I, [2011-03-31T12:04:20.557773 #1030]  INFO -- : Token generated: etxMIF, SHA1: 6777685ffe1637a83342fc366c50c29b173004be
I, [2011-03-31T12:04:21.562516 #1030]  INFO -- : Token generated: mO1RU3, SHA1: ca5aa86f9442729eddaa89d2b49165ddd78ce7b4
I, [2011-03-31T12:04:21.563059 #1030]  INFO -- : Token generated: aISqEU, SHA1: d007b61d67e12f8fecbb6739c6ccd703a1bd4cb4
I, [2011-03-31T12:04:22.567940 #1030]  INFO -- : Token generated: YiU5hT, SHA1: 34aafc55923df3d2b199c39f8d26d7644b4bccb8
I, [2011-03-31T12:04:22.568435 #1030]  INFO -- : Token generated: blzZuP, SHA1: 947d2203ec7b3e09492d15eb065ad4c01d0b9895
I, [2011-03-31T12:04:23.572524 #1030]  INFO -- : Token generated: h31CvR, SHA1: 25f5e29e9bfb6fa222cdd50efb2632f481fd500e
I, [2011-03-31T12:04:23.573027 #1030]  INFO -- : Token generated: KP0hph, SHA1: 6ac861894f947e3d66d170a96eb398d7f1bcfc79
I, [2011-03-31T12:04:24.578721 #1030]  INFO -- : Token generated: 6ParIJ, SHA1: 89ebf4b287839e17917b1c90197bf4528ab1485b
I, [2011-03-31T12:04:24.579261 #1030]  INFO -- : Token generated: GUhD7D, SHA1: 2734ed61c1fcd29750ac3340f2fd470252ee70fc
I, [2011-03-31T12:04:25.584126 #1030]  INFO -- : Token generated: B8TSeG, SHA1: 92927d725f52091badda763a3b05e2f9d20ad746
I, [2011-03-31T12:04:25.584672 #1030]  INFO -- : Token generated: 05dwnN, SHA1: 8d8dfad9db5ecaa332ad0f69726aad41f182074f
I, [2011-03-31T12:04:26.588806 #1030]  INFO -- : Token generated: LIy4Rw, SHA1: 8b11ba1b1df8c0489bcdb64315befc1968136fff
I, [2011-03-31T12:04:26.589319 #1030]  INFO -- : Token generated: yguGim, SHA1: b6f22e3265222d2da90dff1fda97854412de8aeb
I, [2011-03-31T12:04:27.593674 #1030]  INFO -- : Token generated: vX7mEP, SHA1: a9d34e05fe0c7fe11c67ba14c52bddfa949308b3
I, [2011-03-31T12:04:27.594201 #1030]  INFO -- : Token generated: cAs3Ab, SHA1: f8c112bb91232ae0c065ecabf090c7202bb3db5a
I, [2011-03-31T12:04:28.598598 #1030]  INFO -- : Token generated: hvxU9c, SHA1: d6829b288ff1c228eb176d92aeeaade3a8887efd
I, [2011-03-31T12:04:28.599100 #1030]  INFO -- : Token generated: 6ZtZUg, SHA1: ade43ca6da0c582f5b8a7e7601b7aae61898dfcc
I, [2011-03-31T12:04:29.603429 #1030]  INFO -- : Token generated: Ag49nN, SHA1: 693d87c8373a8d083c67bc1a8a0cdd78558f3b97
I, [2011-03-31T12:04:29.603925 #1030]  INFO -- : Token generated: xFIgXf, SHA1: b6a6fe551536e51945fad7b8e35431eb47092c3c
I, [2011-03-31T12:04:30.608522 #1030]  INFO -- : Token generated: GH4Ppz, SHA1: 21ef869d1de67de139d17cc40fda4aab38298e03
I, [2011-03-31T12:04:30.609042 #1030]  INFO -- : Token generated: FONid0, SHA1: d309d4392deeae534e9eded562355ad64f5a6e6d
I, [2011-03-31T12:04:31.614423 #1030]  INFO -- : Token generated: mSUq4D, SHA1: 523da89eb6103ae920fedde7137bdadeee5db9fb
I, [2011-03-31T12:04:31.615006 #1030]  INFO -- : Token generated: euckF7, SHA1: 283776fc1beb2f02bc63ad727c8a301addd36357
I, [2011-03-31T12:04:32.619911 #1030]  INFO -- : Token generated: dCHZ0v, SHA1: 25fe9b3aeeace5aa582eb722e85d22c74517c8a9
I, [2011-03-31T12:04:32.620471 #1030]  INFO -- : Token generated: IUl4Vc, SHA1: 8fa877627f06fd332477f3088a5bf43c328d651f
I, [2011-03-31T12:04:33.624530 #1030]  INFO -- : Token generated: WrF6e2, SHA1: 86d68a61d8c88f8129399617cdb98a33638cf23f
I, [2011-03-31T12:04:33.625039 #1030]  INFO -- : Token generated: 2htzGa, SHA1: e4d3cef00c719bc3dbefaeff242ace02961a40f8
I, [2011-03-31T12:04:34.630317 #1030]  INFO -- : Token generated: TkDvrj, SHA1: 61047682f21988ef891d4f706fcd6d3ed31ea922
I, [2011-03-31T12:04:34.631099 #1030]  INFO -- : Token generated: m5Zfr6, SHA1: 74df2ea4b10e2c661b298afa7eed4bd4ac672831
I, [2011-03-31T12:04:35.635313 #1030]  INFO -- : Token generated: w586jK, SHA1: 9ce74199d5f45facce67e7e79aa2c576787bcf20
I, [2011-03-31T12:04:35.635817 #1030]  INFO -- : Token generated: BxFnDr, SHA1: 3f109fda5b8d02824163e5fe189ee0092366ebb7
I, [2011-03-31T12:04:36.640249 #1030]  INFO -- : Token generated: L0FINB, SHA1: e0455821282f07ac00c599e9c2ac0fc5d214be68
I, [2011-03-31T12:04:36.640752 #1030]  INFO -- : Token generated: qrxuh7, SHA1: 3c4fa00f50f473f4370b6780ee66a8c5604d2e40
I, [2011-03-31T12:04:37.644924 #1030]  INFO -- : Token generated: ONUsv1, SHA1: 16279d6b02b9efa2700c2ede49965c99a570ed4a
I, [2011-03-31T12:04:37.645472 #1030]  INFO -- : Token generated: eZzsvV, SHA1: 34a15786c921ffe01a6ecaa0f011221cb1688a13
I, [2011-03-31T12:04:38.651031 #1030]  INFO -- : Token generated: EwTbHE, SHA1: c9ffb53ce4dfb02e9cbace1331473bec240940b7
I, [2011-03-31T12:04:38.651536 #1030]  INFO -- : Token generated: l8GozF, SHA1: f13f75c3a14403a800ac5d974e4eeac7bc9e8c33
I, [2011-03-31T12:04:39.656366 #1030]  INFO -- : Token generated: kMnypr, SHA1: 262b5d8cbca89a7a98ade4529024321c25d7831a
I, [2011-03-31T12:04:39.657153 #1030]  INFO -- : Token generated: 2bOECl, SHA1: 786e9169d6d2dd58dd30fda594e8cb53d0c563b8
I, [2011-03-31T12:04:40.662401 #1030]  INFO -- : Token generated: C2VBOQ, SHA1: 49e92ef5cfe87885531f65547d152923c36a807f
I, [2011-03-31T12:04:40.662912 #1030]  INFO -- : Token generated: Ewn9lz, SHA1: 6fbba1e235a21e948d588bab397cfc72cbbdcd6f
I, [2011-03-31T12:04:41.667624 #1030]  INFO -- : Token generated: UwE12H, SHA1: cf1d00f147d223c21abd308ce33cf696d03853ca
I, [2011-03-31T12:04:41.668231 #1030]  INFO -- : Token generated: Lp3Zg0, SHA1: c341783a2b7fc23e4c4ba6ba5af24c01da039117
I, [2011-03-31T12:04:42.674419 #1030]  INFO -- : Token generated: wOJmlF, SHA1: 052dd4d3f3959ce2eaa270574b397ca83ced2c44
I, [2011-03-31T12:04:42.674938 #1030]  INFO -- : Token generated: wfceZ0, SHA1: cc2b4e424e1a5fb6efd0debbe2e9f3f1db058c93
I, [2011-03-31T12:04:43.679230 #1030]  INFO -- : Token generated: 2D4FVS, SHA1: 2b12eeac5cce76f15da2e50c767071be2b3f78ef
I, [2011-03-31T12:04:43.679733 #1030]  INFO -- : Token generated: RDV5M4, SHA1: 26bb77531ae0253023f24663d4364f72ad04b247
I, [2011-03-31T12:04:44.684257 #1030]  INFO -- : Token generated: cBKJeF, SHA1: e03cae2aa74603ba4c00f0c6d09ebaac9bee2b44
I, [2011-03-31T12:04:44.684756 #1030]  INFO -- : Token generated: VDjRV8, SHA1: 440526291fd4b91b82a85bf28e8899c0a144c80f
