This file contains any messages produced by compilers while
running configure, to aid debugging if configure makes a mistake.

It was created by ZKT configure 0.99c, which was
generated by GNU Autoconf 2.61.  Invocation command line was

  $ ./configure 

## --------- ##
## Platform. ##
## --------- ##

hostname = attacker
uname -m = i686
uname -r = 2.6.18-6-686
uname -s = Linux
uname -v = #1 SMP Mon Oct 13 16:13:09 UTC 2008

/usr/bin/uname -p = unknown
/bin/uname -X     = unknown

/bin/arch              = i686
/usr/bin/arch -k       = unknown
/usr/convex/getsysinfo = unknown
/usr/bin/hostinfo      = unknown
/bin/machine           = unknown
/usr/bin/oslevel       = unknown
/bin/universe          = unknown

PATH: /usr/local/sbin
PATH: /usr/local/bin
PATH: /usr/sbin
PATH: /usr/bin
PATH: /sbin
PATH: /bin
PATH: /usr/bin/X11


## ----------- ##
## Core tests. ##
## ----------- ##

configure:1763: checking for gcc
configure:1779: found /usr/bin/gcc
configure:1790: result: gcc
configure:2028: checking for C compiler version
configure:2035: gcc --version >&5
gcc (GCC) 4.1.2 20061115 (prerelease) (Debian 4.1.1-21)
Copyright (C) 2006 Free Software Foundation, Inc.
This is free software; see the source for copying conditions.  There is NO
warranty; not even for MERCHANTABILITY or FITNESS FOR A PARTICULAR PURPOSE.

configure:2038: $? = 0
configure:2045: gcc -v >&5
Using built-in specs.
Target: i486-linux-gnu
Configured with: ../src/configure -v --enable-languages=c,c++,fortran,objc,obj-c++,treelang --prefix=/usr --enable-shared --with-system-zlib --libexecdir=/usr/lib --without-included-gettext --enable-threads=posix --enable-nls --program-suffix=-4.1 --enable-__cxa_atexit --enable-clocale=gnu --enable-libstdcxx-debug --enable-mpfr --with-tune=i686 --enable-checking=release i486-linux-gnu
Thread model: posix
gcc version 4.1.2 20061115 (prerelease) (Debian 4.1.1-21)
configure:2048: $? = 0
configure:2055: gcc -V >&5
gcc: '-V' option must have argument
configure:2058: $? = 1
configure:2081: checking for C compiler default output file name
configure:2108: gcc    conftest.c  >&5
configure:2111: $? = 0
configure:2149: result: a.out
configure:2166: checking whether the C compiler works
configure:2176: ./a.out
configure:2179: $? = 0
configure:2196: result: yes
configure:2203: checking whether we are cross compiling
configure:2205: result: no
configure:2208: checking for suffix of executables
configure:2215: gcc -o conftest    conftest.c  >&5
configure:2218: $? = 0
configure:2242: result: 
configure:2248: checking for suffix of object files
configure:2274: gcc -c   conftest.c >&5
configure:2277: $? = 0
configure:2300: result: o
configure:2304: checking whether we are using the GNU C compiler
configure:2333: gcc -c   conftest.c >&5
configure:2339: $? = 0
configure:2356: result: yes
configure:2361: checking whether gcc accepts -g
configure:2391: gcc -c -g  conftest.c >&5
configure:2397: $? = 0
configure:2496: result: yes
configure:2513: checking for gcc option to accept ISO C89
configure:2587: gcc  -c -g -O2  conftest.c >&5
configure:2593: $? = 0
configure:2616: result: none needed
configure:2638: checking for dnssec-signzone
configure:2656: found /usr/local/sbin/dnssec-signzone
configure:2668: result: /usr/local/sbin/dnssec-signzone
configure:2703: checking how to run the C preprocessor
configure:2743: gcc -E  conftest.c
configure:2749: $? = 0
configure:2780: gcc -E  conftest.c
conftest.c:10:28: error: ac_nonexistent.h: No such file or directory
configure:2786: $? = 1
configure: failed program was:
| /* confdefs.h.  */
| #define PACKAGE_NAME "ZKT"
| #define PACKAGE_TARNAME "zkt"
| #define PACKAGE_VERSION "0.99c"
| #define PACKAGE_STRING "ZKT 0.99c"
| #define PACKAGE_BUGREPORT "Holger Zuleger hznet.de"
| #define BIND_UTIL_PATH "/usr/local/sbin/"
| #define BIND_VERSION 961
| /* end confdefs.h.  */
| #include <ac_nonexistent.h>
configure:2819: result: gcc -E
configure:2848: gcc -E  conftest.c
configure:2854: $? = 0
configure:2885: gcc -E  conftest.c
conftest.c:10:28: error: ac_nonexistent.h: No such file or directory
configure:2891: $? = 1
configure: failed program was:
| /* confdefs.h.  */
| #define PACKAGE_NAME "ZKT"
| #define PACKAGE_TARNAME "zkt"
| #define PACKAGE_VERSION "0.99c"
| #define PACKAGE_STRING "ZKT 0.99c"
| #define PACKAGE_BUGREPORT "Holger Zuleger hznet.de"
| #define BIND_UTIL_PATH "/usr/local/sbin/"
| #define BIND_VERSION 961
| /* end confdefs.h.  */
| #include <ac_nonexistent.h>
configure:2929: checking for grep that handles long lines and -e
configure:3003: result: /bin/grep
configure:3008: checking for egrep
configure:3086: result: /bin/grep -E
configure:3091: checking for ANSI C header files
configure:3121: gcc -c -g -O2  conftest.c >&5
configure:3127: $? = 0
configure:3226: gcc -o conftest -g -O2   conftest.c  >&5
configure:3229: $? = 0
configure:3235: ./conftest
configure:3238: $? = 0
configure:3255: result: yes
configure:3279: checking for sys/types.h
configure:3300: gcc -c -g -O2  conftest.c >&5
configure:3306: $? = 0
configure:3322: result: yes
configure:3279: checking for sys/stat.h
configure:3300: gcc -c -g -O2  conftest.c >&5
configure:3306: $? = 0
configure:3322: result: yes
configure:3279: checking for stdlib.h
configure:3300: gcc -c -g -O2  conftest.c >&5
configure:3306: $? = 0
configure:3322: result: yes
configure:3279: checking for string.h
configure:3300: gcc -c -g -O2  conftest.c >&5
configure:3306: $? = 0
configure:3322: result: yes
configure:3279: checking for memory.h
configure:3300: gcc -c -g -O2  conftest.c >&5
configure:3306: $? = 0
configure:3322: result: yes
configure:3279: checking for strings.h
configure:3300: gcc -c -g -O2  conftest.c >&5
configure:3306: $? = 0
configure:3322: result: yes
configure:3279: checking for inttypes.h
configure:3300: gcc -c -g -O2  conftest.c >&5
configure:3306: $? = 0
configure:3322: result: yes
configure:3279: checking for stdint.h
configure:3300: gcc -c -g -O2  conftest.c >&5
configure:3306: $? = 0
configure:3322: result: yes
configure:3279: checking for unistd.h
configure:3300: gcc -c -g -O2  conftest.c >&5
configure:3306: $? = 0
configure:3322: result: yes
configure:3334: checking for uint
configure:3364: gcc -c -g -O2  conftest.c >&5
configure:3370: $? = 0
configure:3385: result: yes
configure:3397: checking for ulong
configure:3427: gcc -c -g -O2  conftest.c >&5
configure:3433: $? = 0
configure:3448: result: yes
configure:3460: checking for ushort
configure:3490: gcc -c -g -O2  conftest.c >&5
configure:3496: $? = 0
configure:3511: result: yes
configure:3523: checking for uchar
configure:3553: gcc -c -g -O2  conftest.c >&5
conftest.c:53: error: expected '=', ',', ';', 'asm' or '__attribute__' before 'ac__type_new_'
conftest.c: In function 'main':
conftest.c:57: error: 'ac__type_new_' undeclared (first use in this function)
conftest.c:57: error: (Each undeclared identifier is reported only once
conftest.c:57: error: for each function it appears in.)
conftest.c:57: error: expected expression before ')' token
configure:3559: $? = 1
configure: failed program was:
| /* confdefs.h.  */
| #define PACKAGE_NAME "ZKT"
| #define PACKAGE_TARNAME "zkt"
| #define PACKAGE_VERSION "0.99c"
| #define PACKAGE_STRING "ZKT 0.99c"
| #define PACKAGE_BUGREPORT "Holger Zuleger hznet.de"
| #define BIND_UTIL_PATH "/usr/local/sbin/"
| #define BIND_VERSION 961
| #define STDC_HEADERS 1
| #define HAVE_SYS_TYPES_H 1
| #define HAVE_SYS_STAT_H 1
| #define HAVE_STDLIB_H 1
| #define HAVE_STRING_H 1
| #define HAVE_MEMORY_H 1
| #define HAVE_STRINGS_H 1
| #define HAVE_INTTYPES_H 1
| #define HAVE_STDINT_H 1
| #define HAVE_UNISTD_H 1
| /* end confdefs.h.  */
| #include <stdio.h>
| #ifdef HAVE_SYS_TYPES_H
| # include <sys/types.h>
| #endif
| #ifdef HAVE_SYS_STAT_H
| # include <sys/stat.h>
| #endif
| #ifdef STDC_HEADERS
| # include <stdlib.h>
| # include <stddef.h>
| #else
| # ifdef HAVE_STDLIB_H
| #  include <stdlib.h>
| # endif
| #endif
| #ifdef HAVE_STRING_H
| # if !defined STDC_HEADERS && defined HAVE_MEMORY_H
| #  include <memory.h>
| # endif
| # include <string.h>
| #endif
| #ifdef HAVE_STRINGS_H
| # include <strings.h>
| #endif
| #ifdef HAVE_INTTYPES_H
| # include <inttypes.h>
| #endif
| #ifdef HAVE_STDINT_H
| # include <stdint.h>
| #endif
| #ifdef HAVE_UNISTD_H
| # include <unistd.h>
| #endif
| typedef uchar ac__type_new_;
| int
| main ()
| {
| if ((ac__type_new_ *) 0)
|   return 0;
| if (sizeof (ac__type_new_))
|   return 0;
|   ;
|   return 0;
| }
configure:3574: result: no
configure:3724: checking for dirent.h that defines DIR
configure:3753: gcc -c -g -O2  conftest.c >&5
configure:3759: $? = 0
configure:3775: result: yes
configure:3788: checking for library containing opendir
configure:3829: gcc -o conftest -g -O2   conftest.c  >&5
configure:3835: $? = 0
configure:3863: result: none required
configure:3957: checking for ANSI C header files
configure:4121: result: yes
configure:4157: checking fcntl.h usability
configure:4174: gcc -c -g -O2  conftest.c >&5
configure:4180: $? = 0
configure:4194: result: yes
configure:4198: checking fcntl.h presence
configure:4213: gcc -E  conftest.c
configure:4219: $? = 0
configure:4233: result: yes
configure:4266: checking for fcntl.h
configure:4274: result: yes
configure:4157: checking netdb.h usability
configure:4174: gcc -c -g -O2  conftest.c >&5
configure:4180: $? = 0
configure:4194: result: yes
configure:4198: checking netdb.h presence
configure:4213: gcc -E  conftest.c
configure:4219: $? = 0
configure:4233: result: yes
configure:4266: checking for netdb.h
configure:4274: result: yes
configure:4147: checking for stdlib.h
configure:4153: result: yes
configure:4157: checking getopt.h usability
configure:4174: gcc -c -g -O2  conftest.c >&5
configure:4180: $? = 0
configure:4194: result: yes
configure:4198: checking getopt.h presence
configure:4213: gcc -E  conftest.c
configure:4219: $? = 0
configure:4233: result: yes
configure:4266: checking for getopt.h
configure:4274: result: yes
configure:4147: checking for string.h
configure:4153: result: yes
configure:4147: checking for strings.h
configure:4153: result: yes
configure:4157: checking sys/socket.h usability
configure:4174: gcc -c -g -O2  conftest.c >&5
configure:4180: $? = 0
configure:4194: result: yes
configure:4198: checking sys/socket.h presence
configure:4213: gcc -E  conftest.c
configure:4219: $? = 0
configure:4233: result: yes
configure:4266: checking for sys/socket.h
configure:4274: result: yes
configure:4157: checking sys/time.h usability
configure:4174: gcc -c -g -O2  conftest.c >&5
configure:4180: $? = 0
configure:4194: result: yes
configure:4198: checking sys/time.h presence
configure:4213: gcc -E  conftest.c
configure:4219: $? = 0
configure:4233: result: yes
configure:4266: checking for sys/time.h
configure:4274: result: yes
configure:4147: checking for sys/types.h
configure:4153: result: yes
configure:4157: checking syslog.h usability
configure:4174: gcc -c -g -O2  conftest.c >&5
configure:4180: $? = 0
configure:4194: result: yes
configure:4198: checking syslog.h presence
configure:4213: gcc -E  conftest.c
configure:4219: $? = 0
configure:4233: result: yes
configure:4266: checking for syslog.h
configure:4274: result: yes
configure:4147: checking for unistd.h
configure:4153: result: yes
configure:4157: checking utime.h usability
configure:4174: gcc -c -g -O2  conftest.c >&5
configure:4180: $? = 0
configure:4194: result: yes
configure:4198: checking utime.h presence
configure:4213: gcc -E  conftest.c
configure:4219: $? = 0
configure:4233: result: yes
configure:4266: checking for utime.h
configure:4274: result: yes
configure:4290: checking for an ANSI C-conforming const
configure:4365: gcc -c -g -O2  conftest.c >&5
configure:4371: $? = 0
configure:4386: result: yes
configure:4396: checking for size_t
configure:4426: gcc -c -g -O2  conftest.c >&5
configure:4432: $? = 0
configure:4447: result: yes
configure:4459: checking whether time.h and sys/time.h may both be included
configure:4489: gcc -c -g -O2  conftest.c >&5
configure:4495: $? = 0
configure:4510: result: yes
configure:4520: checking whether struct tm is in sys/time.h or time.h
configure:4550: gcc -c -g -O2  conftest.c >&5
configure:4556: $? = 0
configure:4571: result: time.h
configure:4581: checking for uid_t in sys/types.h
configure:4604: result: yes
configure:4622: checking whether closedir returns void
configure:4656: gcc -o conftest -g -O2   conftest.c  >&5
configure:4659: $? = 0
configure:4665: ./conftest
configure:4668: $? = 0
configure:4684: result: no
configure:4694: checking for error_at_line
configure:4720: gcc -o conftest -g -O2   conftest.c  >&5
configure:4726: $? = 0
configure:4743: result: yes
configure:4759: checking for stdlib.h
configure:4765: result: yes
configure:4899: checking for GNU libc compatible malloc
configure:4933: gcc -o conftest -g -O2   conftest.c  >&5
configure:4936: $? = 0
configure:4942: ./conftest
configure:4945: $? = 0
configure:4961: result: yes
configure:4997: checking for sys/time.h
configure:5003: result: yes
configure:4997: checking for unistd.h
configure:5003: result: yes
configure:4997: checking for utime.h
configure:5003: result: yes
configure:5148: checking for alarm
configure:5204: gcc -o conftest -g -O2   conftest.c  >&5
configure:5210: $? = 0
configure:5228: result: yes
configure:5254: checking for working mktime
configure:5463: gcc -o conftest -g -O2   conftest.c  >&5
configure:5466: $? = 0
configure:5472: ./conftest
configure:5475: $? = 1
configure: program exited with status 1
configure: failed program was:
| /* confdefs.h.  */
| #define PACKAGE_NAME "ZKT"
| #define PACKAGE_TARNAME "zkt"
| #define PACKAGE_VERSION "0.99c"
| #define PACKAGE_STRING "ZKT 0.99c"
| #define PACKAGE_BUGREPORT "Holger Zuleger hznet.de"
| #define BIND_UTIL_PATH "/usr/local/sbin/"
| #define BIND_VERSION 961
| #define STDC_HEADERS 1
| #define HAVE_SYS_TYPES_H 1
| #define HAVE_SYS_STAT_H 1
| #define HAVE_STDLIB_H 1
| #define HAVE_STRING_H 1
| #define HAVE_MEMORY_H 1
| #define HAVE_STRINGS_H 1
| #define HAVE_INTTYPES_H 1
| #define HAVE_STDINT_H 1
| #define HAVE_UNISTD_H 1
| #define uchar unsigned char
| #define PRINT_TIMEZONE 0
| #define PRINT_AGE_OF_YEAR 0
| #define LOG_WITH_PROGNAME 0
| #define LOG_WITH_TIMESTAMP 1
| #define LOG_WITH_LEVEL 1
| #define TTL_IN_KEYFILE_ALLOWED 1
| #define CONFIG_PATH "/var/named/"
| #define USE_TREE 1
| #define ZKT_VERSION "vT0.99c (c) Feb 2005 - Aug 2009 Holger Zuleger hznet.de"
| #define HAVE_DIRENT_H 1
| #define STDC_HEADERS 1
| #define HAVE_FCNTL_H 1
| #define HAVE_NETDB_H 1
| #define HAVE_STDLIB_H 1
| #define HAVE_GETOPT_H 1
| #define HAVE_STRING_H 1
| #define HAVE_STRINGS_H 1
| #define HAVE_SYS_SOCKET_H 1
| #define HAVE_SYS_TIME_H 1
| #define HAVE_SYS_TYPES_H 1
| #define HAVE_SYSLOG_H 1
| #define HAVE_UNISTD_H 1
| #define HAVE_UTIME_H 1
| #define TIME_WITH_SYS_TIME 1
| #define HAVE_STDLIB_H 1
| #define HAVE_MALLOC 1
| #define HAVE_SYS_TIME_H 1
| #define HAVE_UNISTD_H 1
| #define HAVE_UTIME_H 1
| #define HAVE_ALARM 1
| /* end confdefs.h.  */
| /* Test program from Paul Eggert and Tony Leneis.  */
| #ifdef TIME_WITH_SYS_TIME
| # include <sys/time.h>
| # include <time.h>
| #else
| # ifdef HAVE_SYS_TIME_H
| #  include <sys/time.h>
| # else
| #  include <time.h>
| # endif
| #endif
| 
| #include <stdlib.h>
| 
| #ifdef HAVE_UNISTD_H
| # include <unistd.h>
| #endif
| 
| #ifndef HAVE_ALARM
| # define alarm(X) /* empty */
| #endif
| 
| /* Work around redefinition to rpl_putenv by other config tests.  */
| #undef putenv
| 
| static time_t time_t_max;
| static time_t time_t_min;
| 
| /* Values we'll use to set the TZ environment variable.  */
| static char *tz_strings[] = {
|   (char *) 0, "TZ=GMT0", "TZ=JST-9",
|   "TZ=EST+3EDT+2,M10.1.0/00:00:00,M2.3.0/00:00:00"
| };
| #define N_STRINGS (sizeof (tz_strings) / sizeof (tz_strings[0]))
| 
| /* Return 0 if mktime fails to convert a date in the spring-forward gap.
|    Based on a problem report from Andreas Jaeger.  */
| static int
| spring_forward_gap ()
| {
|   /* glibc (up to about 1998-10-07) failed this test. */
|   struct tm tm;
| 
|   /* Use the portable POSIX.1 specification "TZ=PST8PDT,M4.1.0,M10.5.0"
|      instead of "TZ=America/Vancouver" in order to detect the bug even
|      on systems that don't support the Olson extension, or don't have the
|      full zoneinfo tables installed.  */
|   putenv ("TZ=PST8PDT,M4.1.0,M10.5.0");
| 
|   tm.tm_year = 98;
|   tm.tm_mon = 3;
|   tm.tm_mday = 5;
|   tm.tm_hour = 2;
|   tm.tm_min = 0;
|   tm.tm_sec = 0;
|   tm.tm_isdst = -1;
|   return mktime (&tm) != (time_t) -1;
| }
| 
| static int
| mktime_test1 (now)
|      time_t now;
| {
|   struct tm *lt;
|   return ! (lt = localtime (&now)) || mktime (lt) == now;
| }
| 
| static int
| mktime_test (now)
|      time_t now;
| {
|   return (mktime_test1 (now)
| 	  && mktime_test1 ((time_t) (time_t_max - now))
| 	  && mktime_test1 ((time_t) (time_t_min + now)));
| }
| 
| static int
| irix_6_4_bug ()
| {
|   /* Based on code from Ariel Faigon.  */
|   struct tm tm;
|   tm.tm_year = 96;
|   tm.tm_mon = 3;
|   tm.tm_mday = 0;
|   tm.tm_hour = 0;
|   tm.tm_min = 0;
|   tm.tm_sec = 0;
|   tm.tm_isdst = -1;
|   mktime (&tm);
|   return tm.tm_mon == 2 && tm.tm_mday == 31;
| }
| 
| static int
| bigtime_test (j)
|      int j;
| {
|   struct tm tm;
|   time_t now;
|   tm.tm_year = tm.tm_mon = tm.tm_mday = tm.tm_hour = tm.tm_min = tm.tm_sec = j;
|   now = mktime (&tm);
|   if (now != (time_t) -1)
|     {
|       struct tm *lt = localtime (&now);
|       if (! (lt
| 	     && lt->tm_year == tm.tm_year
| 	     && lt->tm_mon == tm.tm_mon
| 	     && lt->tm_mday == tm.tm_mday
| 	     && lt->tm_hour == tm.tm_hour
| 	     && lt->tm_min == tm.tm_min
| 	     && lt->tm_sec == tm.tm_sec
| 	     && lt->tm_yday == tm.tm_yday
| 	     && lt->tm_wday == tm.tm_wday
| 	     && ((lt->tm_isdst < 0 ? -1 : 0 < lt->tm_isdst)
| 		  == (tm.tm_isdst < 0 ? -1 : 0 < tm.tm_isdst))))
| 	return 0;
|     }
|   return 1;
| }
| 
| static int
| year_2050_test ()
| {
|   /* The correct answer for 2050-02-01 00:00:00 in Pacific time,
|      ignoring leap seconds.  */
|   unsigned long int answer = 2527315200UL;
| 
|   struct tm tm;
|   time_t t;
|   tm.tm_year = 2050 - 1900;
|   tm.tm_mon = 2 - 1;
|   tm.tm_mday = 1;
|   tm.tm_hour = tm.tm_min = tm.tm_sec = 0;
|   tm.tm_isdst = -1;
| 
|   /* Use the portable POSIX.1 specification "TZ=PST8PDT,M4.1.0,M10.5.0"
|      instead of "TZ=America/Vancouver" in order to detect the bug even
|      on systems that don't support the Olson extension, or don't have the
|      full zoneinfo tables installed.  */
|   putenv ("TZ=PST8PDT,M4.1.0,M10.5.0");
| 
|   t = mktime (&tm);
| 
|   /* Check that the result is either a failure, or close enough
|      to the correct answer that we can assume the discrepancy is
|      due to leap seconds.  */
|   return (t == (time_t) -1
| 	  || (0 < t && answer - 120 <= t && t <= answer + 120));
| }
| 
| int
| main ()
| {
|   time_t t, delta;
|   int i, j;
| 
|   /* This test makes some buggy mktime implementations loop.
|      Give up after 60 seconds; a mktime slower than that
|      isn't worth using anyway.  */
|   alarm (60);
| 
|   for (time_t_max = 1; 0 < time_t_max; time_t_max *= 2)
|     continue;
|   time_t_max--;
|   if ((time_t) -1 < 0)
|     for (time_t_min = -1; (time_t) (time_t_min * 2) < 0; time_t_min *= 2)
|       continue;
|   delta = time_t_max / 997; /* a suitable prime number */
|   for (i = 0; i < N_STRINGS; i++)
|     {
|       if (tz_strings[i])
| 	putenv (tz_strings[i]);
| 
|       for (t = 0; t <= time_t_max - delta; t += delta)
| 	if (! mktime_test (t))
| 	  return 1;
|       if (! (mktime_test ((time_t) 1)
| 	     && mktime_test ((time_t) (60 * 60))
| 	     && mktime_test ((time_t) (60 * 60 * 24))))
| 	return 1;
| 
|       for (j = 1; 0 < j; j *= 2)
| 	if (! bigtime_test (j))
| 	  return 1;
|       if (! bigtime_test (j - 1))
| 	return 1;
|     }
|   return ! (irix_6_4_bug () && spring_forward_gap () && year_2050_test ());
| }
configure:5491: result: no
configure:5502: checking whether lstat dereferences a symlink specified with a trailing slash
configure:5538: gcc -o conftest -g -O2   conftest.c  >&5
configure:5541: $? = 0
configure:5547: ./conftest
configure:5550: $? = 0
configure:5573: result: yes
configure:5592: checking whether stat accepts an empty string
configure:5622: gcc -o conftest -g -O2   conftest.c  >&5
configure:5625: $? = 0
configure:5631: ./conftest
configure:5634: $? = 0
configure:5650: result: no
configure:5670: checking for strftime
configure:5726: gcc -o conftest -g -O2   conftest.c  >&5
conftest.c:75: warning: conflicting types for built-in function 'strftime'
configure:5732: $? = 0
configure:5750: result: yes
configure:5839: checking whether utime accepts a null argument
configure:5878: gcc -o conftest -g -O2   conftest.c  >&5
configure:5881: $? = 0
configure:5887: ./conftest
configure:5890: $? = 0
configure:5906: result: yes
configure:5921: checking for vprintf
configure:5977: gcc -o conftest -g -O2   conftest.c  >&5
conftest.c:77: warning: conflicting types for built-in function 'vprintf'
configure:5983: $? = 0
configure:6001: result: yes
configure:6008: checking for _doprnt
configure:6064: gcc -o conftest -g -O2   conftest.c  >&5
/tmp/cckjxtWd.o: In function `main':
/usr/local/bind/mytraining/zkt-0.99c/conftest.c:89: undefined reference to `_doprnt'
collect2: ld returned 1 exit status
configure:6070: $? = 1
configure: failed program was:
| /* confdefs.h.  */
| #define PACKAGE_NAME "ZKT"
| #define PACKAGE_TARNAME "zkt"
| #define PACKAGE_VERSION "0.99c"
| #define PACKAGE_STRING "ZKT 0.99c"
| #define PACKAGE_BUGREPORT "Holger Zuleger hznet.de"
| #define BIND_UTIL_PATH "/usr/local/sbin/"
| #define BIND_VERSION 961
| #define STDC_HEADERS 1
| #define HAVE_SYS_TYPES_H 1
| #define HAVE_SYS_STAT_H 1
| #define HAVE_STDLIB_H 1
| #define HAVE_STRING_H 1
| #define HAVE_MEMORY_H 1
| #define HAVE_STRINGS_H 1
| #define HAVE_INTTYPES_H 1
| #define HAVE_STDINT_H 1
| #define HAVE_UNISTD_H 1
| #define uchar unsigned char
| #define PRINT_TIMEZONE 0
| #define PRINT_AGE_OF_YEAR 0
| #define LOG_WITH_PROGNAME 0
| #define LOG_WITH_TIMESTAMP 1
| #define LOG_WITH_LEVEL 1
| #define TTL_IN_KEYFILE_ALLOWED 1
| #define CONFIG_PATH "/var/named/"
| #define USE_TREE 1
| #define ZKT_VERSION "vT0.99c (c) Feb 2005 - Aug 2009 Holger Zuleger hznet.de"
| #define HAVE_DIRENT_H 1
| #define STDC_HEADERS 1
| #define HAVE_FCNTL_H 1
| #define HAVE_NETDB_H 1
| #define HAVE_STDLIB_H 1
| #define HAVE_GETOPT_H 1
| #define HAVE_STRING_H 1
| #define HAVE_STRINGS_H 1
| #define HAVE_SYS_SOCKET_H 1
| #define HAVE_SYS_TIME_H 1
| #define HAVE_SYS_TYPES_H 1
| #define HAVE_SYSLOG_H 1
| #define HAVE_UNISTD_H 1
| #define HAVE_UTIME_H 1
| #define TIME_WITH_SYS_TIME 1
| #define HAVE_STDLIB_H 1
| #define HAVE_MALLOC 1
| #define HAVE_SYS_TIME_H 1
| #define HAVE_UNISTD_H 1
| #define HAVE_UTIME_H 1
| #define HAVE_ALARM 1
| #define LSTAT_FOLLOWS_SLASHED_SYMLINK 1
| #define HAVE_STRFTIME 1
| #define HAVE_UTIME_NULL 1
| #define HAVE_VPRINTF 1
| /* end confdefs.h.  */
| /* Define _doprnt to an innocuous variant, in case <limits.h> declares _doprnt.
|    For example, HP-UX 11i <limits.h> declares gettimeofday.  */
| #define _doprnt innocuous__doprnt
| 
| /* System header to define __stub macros and hopefully few prototypes,
|     which can conflict with char _doprnt (); below.
|     Prefer <limits.h> to <assert.h> if __STDC__ is defined, since
|     <limits.h> exists even on freestanding compilers.  */
| 
| #ifdef __STDC__
| # include <limits.h>
| #else
| # include <assert.h>
| #endif
| 
| #undef _doprnt
| 
| /* Override any GCC internal prototype to avoid an error.
|    Use char because int might match the return type of a GCC
|    builtin and then its argument prototype would still apply.  */
| #ifdef __cplusplus
| extern "C"
| #endif
| char _doprnt ();
| /* The GNU C library defines this for functions which it implements
|     to always fail with ENOSYS.  Some functions are actually named
|     something starting with __ and the normal name is an alias.  */
| #if defined __stub__doprnt || defined __stub____doprnt
| choke me
| #endif
| 
| int
| main ()
| {
| return _doprnt ();
|   ;
|   return 0;
| }
configure:6087: result: no
configure:6121: checking for getopt_long
configure:6177: gcc -o conftest -g -O2   conftest.c  >&5
configure:6183: $? = 0
configure:6201: result: yes
configure:6121: checking for gettimeofday
configure:6177: gcc -o conftest -g -O2   conftest.c  >&5
configure:6183: $? = 0
configure:6201: result: yes
configure:6121: checking for memset
configure:6177: gcc -o conftest -g -O2   conftest.c  >&5
conftest.c:80: warning: conflicting types for built-in function 'memset'
configure:6183: $? = 0
configure:6201: result: yes
configure:6121: checking for putenv
configure:6177: gcc -o conftest -g -O2   conftest.c  >&5
configure:6183: $? = 0
configure:6201: result: yes
configure:6121: checking for socket
configure:6177: gcc -o conftest -g -O2   conftest.c  >&5
configure:6183: $? = 0
configure:6201: result: yes
configure:6121: checking for strcasecmp
configure:6177: gcc -o conftest -g -O2   conftest.c  >&5
conftest.c:83: warning: conflicting types for built-in function 'strcasecmp'
configure:6183: $? = 0
configure:6201: result: yes
configure:6121: checking for strchr
configure:6177: gcc -o conftest -g -O2   conftest.c  >&5
conftest.c:84: warning: conflicting types for built-in function 'strchr'
configure:6183: $? = 0
configure:6201: result: yes
configure:6121: checking for strdup
configure:6177: gcc -o conftest -g -O2   conftest.c  >&5
conftest.c:85: warning: conflicting types for built-in function 'strdup'
configure:6183: $? = 0
configure:6201: result: yes
configure:6121: checking for strerror
configure:6177: gcc -o conftest -g -O2   conftest.c  >&5
configure:6183: $? = 0
configure:6201: result: yes
configure:6121: checking for strncasecmp
configure:6177: gcc -o conftest -g -O2   conftest.c  >&5
conftest.c:87: warning: conflicting types for built-in function 'strncasecmp'
configure:6183: $? = 0
configure:6201: result: yes
configure:6121: checking for strrchr
configure:6177: gcc -o conftest -g -O2   conftest.c  >&5
conftest.c:88: warning: conflicting types for built-in function 'strrchr'
configure:6183: $? = 0
configure:6201: result: yes
configure:6121: checking for tzset
configure:6177: gcc -o conftest -g -O2   conftest.c  >&5
configure:6183: $? = 0
configure:6201: result: yes
configure:6121: checking for utime
configure:6177: gcc -o conftest -g -O2   conftest.c  >&5
configure:6183: $? = 0
configure:6201: result: yes
configure:6121: checking for getuid
configure:6177: gcc -o conftest -g -O2   conftest.c  >&5
configure:6183: $? = 0
configure:6201: result: yes
configure:6121: checking for timegm
configure:6177: gcc -o conftest -g -O2   conftest.c  >&5
configure:6183: $? = 0
configure:6201: result: yes
configure:6315: creating ./config.status

## ---------------------- ##
## Running config.status. ##
## ---------------------- ##

This file was extended by ZKT config.status 0.99c, which was
generated by GNU Autoconf 2.61.  Invocation command line was

  CONFIG_FILES    = 
  CONFIG_HEADERS  = 
  CONFIG_LINKS    = 
  CONFIG_COMMANDS = 
  $ ./config.status 

on attacker

config.status:592: creating Makefile
config.status:723: WARNING:  Makefile.in seems to ignore the --datarootdir setting
config.status:592: creating config.h

## ---------------- ##
## Cache variables. ##
## ---------------- ##

ac_cv_c_compiler_gnu=yes
ac_cv_c_const=yes
ac_cv_env_CC_set=
ac_cv_env_CC_value=
ac_cv_env_CFLAGS_set=
ac_cv_env_CFLAGS_value=
ac_cv_env_CPPFLAGS_set=
ac_cv_env_CPPFLAGS_value=
ac_cv_env_CPP_set=
ac_cv_env_CPP_value=
ac_cv_env_LDFLAGS_set=
ac_cv_env_LDFLAGS_value=
ac_cv_env_LIBS_set=
ac_cv_env_LIBS_value=
ac_cv_env_build_alias_set=
ac_cv_env_build_alias_value=
ac_cv_env_host_alias_set=
ac_cv_env_host_alias_value=
ac_cv_env_target_alias_set=
ac_cv_env_target_alias_value=
ac_cv_func__doprnt=no
ac_cv_func_alarm=yes
ac_cv_func_closedir_void=no
ac_cv_func_getopt_long=yes
ac_cv_func_gettimeofday=yes
ac_cv_func_getuid=yes
ac_cv_func_lstat_dereferences_slashed_symlink=yes
ac_cv_func_malloc_0_nonnull=yes
ac_cv_func_memset=yes
ac_cv_func_putenv=yes
ac_cv_func_socket=yes
ac_cv_func_stat_empty_string_bug=no
ac_cv_func_strcasecmp=yes
ac_cv_func_strchr=yes
ac_cv_func_strdup=yes
ac_cv_func_strerror=yes
ac_cv_func_strftime=yes
ac_cv_func_strncasecmp=yes
ac_cv_func_strrchr=yes
ac_cv_func_timegm=yes
ac_cv_func_tzset=yes
ac_cv_func_utime=yes
ac_cv_func_utime_null=yes
ac_cv_func_vprintf=yes
ac_cv_func_working_mktime=no
ac_cv_header_dirent_dirent_h=yes
ac_cv_header_fcntl_h=yes
ac_cv_header_getopt_h=yes
ac_cv_header_inttypes_h=yes
ac_cv_header_memory_h=yes
ac_cv_header_netdb_h=yes
ac_cv_header_stdc=yes
ac_cv_header_stdint_h=yes
ac_cv_header_stdlib_h=yes
ac_cv_header_string_h=yes
ac_cv_header_strings_h=yes
ac_cv_header_sys_socket_h=yes
ac_cv_header_sys_stat_h=yes
ac_cv_header_sys_time_h=yes
ac_cv_header_sys_types_h=yes
ac_cv_header_syslog_h=yes
ac_cv_header_time=yes
ac_cv_header_unistd_h=yes
ac_cv_header_utime_h=yes
ac_cv_lib_error_at_line=yes
ac_cv_objext=o
ac_cv_path_EGREP='/bin/grep -E'
ac_cv_path_GREP=/bin/grep
ac_cv_path_SIGNZONE_PROG=/usr/local/sbin/dnssec-signzone
ac_cv_prog_CPP='gcc -E'
ac_cv_prog_ac_ct_CC=gcc
ac_cv_prog_cc_c89=
ac_cv_prog_cc_g=yes
ac_cv_search_opendir='none required'
ac_cv_struct_tm=time.h
ac_cv_type_size_t=yes
ac_cv_type_uchar=no
ac_cv_type_uid_t=yes
ac_cv_type_uint=yes
ac_cv_type_ulong=yes
ac_cv_type_ushort=yes

## ----------------- ##
## Output variables. ##
## ----------------- ##

CC='gcc'
CFLAGS='-g -O2'
CPP='gcc -E'
CPPFLAGS=''
DEFS='-DHAVE_CONFIG_H'
ECHO_C=''
ECHO_N='-n'
ECHO_T=''
EGREP='/bin/grep -E'
EXEEXT=''
GREP='/bin/grep'
LDFLAGS=''
LIBOBJS=' ${LIBOBJDIR}mktime$U.o'
LIBS=''
LTLIBOBJS=' ${LIBOBJDIR}mktime$U.lo'
OBJEXT='o'
PACKAGE_BUGREPORT='Holger Zuleger hznet.de'
PACKAGE_NAME='ZKT'
PACKAGE_STRING='ZKT 0.99c'
PACKAGE_TARNAME='zkt'
PACKAGE_VERSION='0.99c'
PATH_SEPARATOR=':'
SHELL='/bin/sh'
SIGNZONE_PROG='/usr/local/sbin/dnssec-signzone'
ac_ct_CC='gcc'
bindir='${exec_prefix}/bin'
build_alias=''
datadir='${datarootdir}'
datarootdir='${prefix}/share'
docdir='${datarootdir}/doc/${PACKAGE_TARNAME}'
dvidir='${docdir}'
exec_prefix='${prefix}'
host_alias=''
htmldir='${docdir}'
includedir='${prefix}/include'
infodir='${datarootdir}/info'
libdir='${exec_prefix}/lib'
libexecdir='${exec_prefix}/libexec'
localedir='${datarootdir}/locale'
localstatedir='${prefix}/var'
mandir='${datarootdir}/man'
oldincludedir='/usr/include'
pdfdir='${docdir}'
prefix='/usr/local'
program_transform_name='s,x,x,'
psdir='${docdir}'
sbindir='${exec_prefix}/sbin'
sharedstatedir='${prefix}/com'
sysconfdir='${prefix}/etc'
target_alias=''

## ----------- ##
## confdefs.h. ##
## ----------- ##

#define PACKAGE_NAME "ZKT"
#define PACKAGE_TARNAME "zkt"
#define PACKAGE_VERSION "0.99c"
#define PACKAGE_STRING "ZKT 0.99c"
#define PACKAGE_BUGREPORT "Holger Zuleger hznet.de"
#define BIND_UTIL_PATH "/usr/local/sbin/"
#define BIND_VERSION 961
#define STDC_HEADERS 1
#define HAVE_SYS_TYPES_H 1
#define HAVE_SYS_STAT_H 1
#define HAVE_STDLIB_H 1
#define HAVE_STRING_H 1
#define HAVE_MEMORY_H 1
#define HAVE_STRINGS_H 1
#define HAVE_INTTYPES_H 1
#define HAVE_STDINT_H 1
#define HAVE_UNISTD_H 1
#define uchar unsigned char
#define PRINT_TIMEZONE 0
#define PRINT_AGE_OF_YEAR 0
#define LOG_WITH_PROGNAME 0
#define LOG_WITH_TIMESTAMP 1
#define LOG_WITH_LEVEL 1
#define TTL_IN_KEYFILE_ALLOWED 1
#define CONFIG_PATH "/var/named/"
#define USE_TREE 1
#define ZKT_VERSION "vT0.99c (c) Feb 2005 - Aug 2009 Holger Zuleger hznet.de"
#define HAVE_DIRENT_H 1
#define STDC_HEADERS 1
#define HAVE_FCNTL_H 1
#define HAVE_NETDB_H 1
#define HAVE_STDLIB_H 1
#define HAVE_GETOPT_H 1
#define HAVE_STRING_H 1
#define HAVE_STRINGS_H 1
#define HAVE_SYS_SOCKET_H 1
#define HAVE_SYS_TIME_H 1
#define HAVE_SYS_TYPES_H 1
#define HAVE_SYSLOG_H 1
#define HAVE_UNISTD_H 1
#define HAVE_UTIME_H 1
#define TIME_WITH_SYS_TIME 1
#define HAVE_STDLIB_H 1
#define HAVE_MALLOC 1
#define HAVE_SYS_TIME_H 1
#define HAVE_UNISTD_H 1
#define HAVE_UTIME_H 1
#define HAVE_ALARM 1
#define LSTAT_FOLLOWS_SLASHED_SYMLINK 1
#define HAVE_STRFTIME 1
#define HAVE_UTIME_NULL 1
#define HAVE_VPRINTF 1
#define HAVE_GETOPT_LONG 1
#define HAVE_GETTIMEOFDAY 1
#define HAVE_MEMSET 1
#define HAVE_PUTENV 1
#define HAVE_SOCKET 1
#define HAVE_STRCASECMP 1
#define HAVE_STRCHR 1
#define HAVE_STRDUP 1
#define HAVE_STRERROR 1
#define HAVE_STRNCASECMP 1
#define HAVE_STRRCHR 1
#define HAVE_TZSET 1
#define HAVE_UTIME 1
#define HAVE_GETUID 1
#define HAVE_TIMEGM 1

configure: exit 0
